<!DOCTYPE html>

<html>
  <head>
  <meta charset='utf-8'>
  <title>TestNG reports</title>

    <link type="text/css" href="testng-reports.css" rel="stylesheet" />
    <script type="text/javascript" src="jquery-1.7.1.min.js"></script>
    <script type="text/javascript" src="testng-reports.js"></script>
    <script type="text/javascript" src="https://www.google.com/jsapi"></script>
    <script type='text/javascript'>
      google.load('visualization', '1', {packages:['table']});
      google.setOnLoadCallback(drawTable);
      var suiteTableInitFunctions = new Array();
      var suiteTableData = new Array();
    </script>
    <!--
      <script type="text/javascript" src="jquery-ui/js/jquery-ui-1.8.16.custom.min.js"></script>
     -->
  </head>

  <body>
    <div class="top-banner-root">
      <span class="top-banner-title-font">Test results</span>
      <br/>
      <span class="top-banner-font-1">1 suite, 14 failed tests</span>
    </div> <!-- top-banner-root -->
    <div class="navigator-root">
      <div class="navigator-suite-header">
        <span>All suites</span>
        <a href="#" class="collapse-all-link" title="Collapse/expand all the suites">
          <img class="collapse-all-icon" src="collapseall.gif">
          </img> <!-- collapse-all-icon -->
        </a> <!-- collapse-all-link -->
      </div> <!-- navigator-suite-header -->
      <div class="suite">
        <div class="rounded-window">
          <div class="suite-header light-rounded-window-top">
            <a href="#" class="navigator-link" panel-name="suite-Default_suite">
              <span class="suite-name border-failed">Default suite</span>
            </a> <!-- navigator-link -->
          </div> <!-- suite-header light-rounded-window-top -->
          <div class="navigator-suite-content">
            <div class="suite-section-title">
              <span>Info</span>
            </div> <!-- suite-section-title -->
            <div class="suite-section-content">
              <ul>
                <li>
                  <a href="#" class="navigator-link " panel-name="test-xml-Default_suite">
                    <span>testng-customsuite.xml</span>
                  </a> <!-- navigator-link  -->
                </li>
                <li>
                  <a href="#" class="navigator-link " panel-name="testlist-Default_suite">
                    <span class="test-stats">1 test</span>
                  </a> <!-- navigator-link  -->
                </li>
                <li>
                  <a href="#" class="navigator-link " panel-name="group-Default_suite">
                    <span>4 groups</span>
                  </a> <!-- navigator-link  -->
                </li>
                <li>
                  <a href="#" class="navigator-link " panel-name="times-Default_suite">
                    <span>Times</span>
                  </a> <!-- navigator-link  -->
                </li>
                <li>
                  <a href="#" class="navigator-link " panel-name="reporter-Default_suite">
                    <span>Reporter output</span>
                  </a> <!-- navigator-link  -->
                </li>
                <li>
                  <a href="#" class="navigator-link " panel-name="ignored-methods-Default_suite">
                    <span>Ignored methods</span>
                  </a> <!-- navigator-link  -->
                </li>
                <li>
                  <a href="#" class="navigator-link " panel-name="chronological-Default_suite">
                    <span>Chronological view</span>
                  </a> <!-- navigator-link  -->
                </li>
              </ul>
            </div> <!-- suite-section-content -->
            <div class="result-section">
              <div class="suite-section-title">
                <span>Results</span>
              </div> <!-- suite-section-title -->
              <div class="suite-section-content">
                <ul>
                  <li>
                    <span class="method-stats">40 methods, 14 failed,   26 passed</span>
                  </li>
                  <li>
                    <span class="method-list-title failed">Failed methods</span>
                    <span class="show-or-hide-methods failed">
                      <a href="#" panel-name="suite-Default_suite" class="hide-methods failed suite-Default_suite"> (hide)</a> <!-- hide-methods failed suite-Default_suite -->
                      <a href="#" panel-name="suite-Default_suite" class="show-methods failed suite-Default_suite"> (show)</a> <!-- show-methods failed suite-Default_suite -->
                    </span>
                    <div class="method-list-content failed suite-Default_suite">
                      <span>
                        <img width="3%" src="failed.png"/>
                        <a href="#" class="method navigator-link" panel-name="suite-Default_suite" title="core.CreditCardValidationTest" hash-for-method="cvv(VISA, 4532-5471-0699-4816, 03/18, 1234)">cvv(VISA, 4532-5471-0699-4816, 03/18, 1234)</a> <!-- method navigator-link -->
                      </span>
                      <br/>
                      <span>
                        <img width="3%" src="failed.png"/>
                        <a href="#" class="method navigator-link" panel-name="suite-Default_suite" title="core.CreditCardValidationTest" hash-for-method="cvv(American Express, 344851787871137, 04/18, 123)">cvv(American Express, 344851787871137, 04/18, 123)</a> <!-- method navigator-link -->
                      </span>
                      <br/>
                      <span>
                        <img width="3%" src="failed.png"/>
                        <a href="#" class="method navigator-link" panel-name="suite-Default_suite" title="core.CreditCardValidationTest" hash-for-method="cvv(MasterCard, 5584-3989-2997-3080, 09/18, 1234)">cvv(MasterCard, 5584-3989-2997-3080, 09/18, 1234)</a> <!-- method navigator-link -->
                      </span>
                      <br/>
                      <span>
                        <img width="3%" src="failed.png"/>
                        <a href="#" class="method navigator-link" panel-name="suite-Default_suite" title="core.CreditCardValidationTest" hash-for-method="cvv(Discover, 6011-2091-3029-8913, 02/18, 1234)">cvv(Discover, 6011-2091-3029-8913, 02/18, 1234)</a> <!-- method navigator-link -->
                      </span>
                      <br/>
                      <span>
                        <img width="3%" src="failed.png"/>
                        <a href="#" class="method navigator-link" panel-name="suite-Default_suite" title="core.CreditCardValidationTest" hash-for-method="cvv(American Express, 344851787871138, 04/18, 123)">cvv(American Express, 344851787871138, 04/18, 123)</a> <!-- method navigator-link -->
                      </span>
                      <br/>
                      <span>
                        <img width="3%" src="failed.png"/>
                        <a href="#" class="method navigator-link" panel-name="suite-Default_suite" title="core.CreditCardValidationTest" hash-for-method="exp(American Expresss, 344851787871138, 04/18, 123)">exp(American Expresss, 344851787871138, 04/18, 123)</a> <!-- method navigator-link -->
                      </span>
                      <br/>
                      <span>
                        <img width="3%" src="failed.png"/>
                        <a href="#" class="method navigator-link" panel-name="suite-Default_suite" title="core.CreditCardValidationTest" hash-for-method="exp(MasterCard, 5584-3989-2997-3080, 09/18, 1234)">exp(MasterCard, 5584-3989-2997-3080, 09/18, 1234)</a> <!-- method navigator-link -->
                      </span>
                      <br/>
                      <span>
                        <img width="3%" src="failed.png"/>
                        <a href="#" class="method navigator-link" panel-name="suite-Default_suite" title="core.CreditCardValidationTest" hash-for-method="exp(American Express, 344851787871137, 04/18, 123)">exp(American Express, 344851787871137, 04/18, 123)</a> <!-- method navigator-link -->
                      </span>
                      <br/>
                      <span>
                        <img width="3%" src="failed.png"/>
                        <a href="#" class="method navigator-link" panel-name="suite-Default_suite" title="core.CreditCardValidationTest" hash-for-method="exp(American Express, 344851787871138, 04/18, 123)">exp(American Express, 344851787871138, 04/18, 123)</a> <!-- method navigator-link -->
                      </span>
                      <br/>
                      <span>
                        <img width="3%" src="failed.png"/>
                        <a href="#" class="method navigator-link" panel-name="suite-Default_suite" title="core.CreditCardValidationTest" hash-for-method="exp(Discover, 6011-2091-3029-8913, 02/18, 1234)">exp(Discover, 6011-2091-3029-8913, 02/18, 1234)</a> <!-- method navigator-link -->
                      </span>
                      <br/>
                      <span>
                        <img width="3%" src="failed.png"/>
                        <a href="#" class="method navigator-link" panel-name="suite-Default_suite" title="core.CreditCardValidationTest" hash-for-method="exp(VISA, 4532-5471-0699-4816, 03/18, 1234)">exp(VISA, 4532-5471-0699-4816, 03/18, 1234)</a> <!-- method navigator-link -->
                      </span>
                      <br/>
                      <span>
                        <img width="3%" src="failed.png"/>
                        <a href="#" class="method navigator-link" panel-name="suite-Default_suite" title="core.CreditCardValidationTest" hash-for-method="luhn(American Express, 344851787871138, 04/18, 123)">luhn(American Express, 344851787871138, 04/18, 123)</a> <!-- method navigator-link -->
                      </span>
                      <br/>
                      <span>
                        <img width="3%" src="failed.png"/>
                        <a href="#" class="method navigator-link" panel-name="suite-Default_suite" title="core.CreditCardValidationTest" hash-for-method="luhn(American Expresss, 344851787871138, 04/18, 123)">luhn(American Expresss, 344851787871138, 04/18, 123)</a> <!-- method navigator-link -->
                      </span>
                      <br/>
                      <span>
                        <img width="3%" src="failed.png"/>
                        <a href="#" class="method navigator-link" panel-name="suite-Default_suite" title="core.CreditCardValidationTest" hash-for-method="type(American Expresss, 344851787871138, 04/18, 123)">type(American Expresss, 344851787871138, 04/18, 123)</a> <!-- method navigator-link -->
                      </span>
                      <br/>
                    </div> <!-- method-list-content failed suite-Default_suite -->
                  </li>
                  <li>
                    <span class="method-list-title passed">Passed methods</span>
                    <span class="show-or-hide-methods passed">
                      <a href="#" panel-name="suite-Default_suite" class="hide-methods passed suite-Default_suite"> (hide)</a> <!-- hide-methods passed suite-Default_suite -->
                      <a href="#" panel-name="suite-Default_suite" class="show-methods passed suite-Default_suite"> (show)</a> <!-- show-methods passed suite-Default_suite -->
                    </span>
                    <div class="method-list-content passed suite-Default_suite">
                      <span>
                        <img width="3%" src="passed.png"/>
                        <a href="#" class="method navigator-link" panel-name="suite-Default_suite" title="core.CreditCardValidationTest" hash-for-method="cvv(VISA, 4532-5471-0699-4816, 03/20, 123)">cvv(VISA, 4532-5471-0699-4816, 03/20, 123)</a> <!-- method navigator-link -->
                      </span>
                      <br/>
                      <span>
                        <img width="3%" src="passed.png"/>
                        <a href="#" class="method navigator-link" panel-name="suite-Default_suite" title="core.CreditCardValidationTest" hash-for-method="cvv(MasterCard, 5584-3989-2997-3080, 09/19, 123)">cvv(MasterCard, 5584-3989-2997-3080, 09/19, 123)</a> <!-- method navigator-link -->
                      </span>
                      <br/>
                      <span>
                        <img width="3%" src="passed.png"/>
                        <a href="#" class="method navigator-link" panel-name="suite-Default_suite" title="core.CreditCardValidationTest" hash-for-method="cvv(Discover, 6011-2091-3029-8913, 02/20, 123)">cvv(Discover, 6011-2091-3029-8913, 02/20, 123)</a> <!-- method navigator-link -->
                      </span>
                      <br/>
                      <span>
                        <img width="3%" src="passed.png"/>
                        <a href="#" class="method navigator-link" panel-name="suite-Default_suite" title="core.CreditCardValidationTest" hash-for-method="cvv(American Expresss, 344851787871138, 04/18, 123)">cvv(American Expresss, 344851787871138, 04/18, 123)</a> <!-- method navigator-link -->
                      </span>
                      <br/>
                      <span>
                        <img width="3%" src="passed.png"/>
                        <a href="#" class="method navigator-link" panel-name="suite-Default_suite" title="core.CreditCardValidationTest" hash-for-method="cvv(American Express, 344851787871137, 04/20, 1234)">cvv(American Express, 344851787871137, 04/20, 1234)</a> <!-- method navigator-link -->
                      </span>
                      <br/>
                      <span>
                        <img width="3%" src="passed.png"/>
                        <a href="#" class="method navigator-link" panel-name="suite-Default_suite" title="core.CreditCardValidationTest" hash-for-method="exp(Discover, 6011-2091-3029-8913, 02/20, 123)">exp(Discover, 6011-2091-3029-8913, 02/20, 123)</a> <!-- method navigator-link -->
                      </span>
                      <br/>
                      <span>
                        <img width="3%" src="passed.png"/>
                        <a href="#" class="method navigator-link" panel-name="suite-Default_suite" title="core.CreditCardValidationTest" hash-for-method="exp(American Express, 344851787871137, 04/20, 1234)">exp(American Express, 344851787871137, 04/20, 1234)</a> <!-- method navigator-link -->
                      </span>
                      <br/>
                      <span>
                        <img width="3%" src="passed.png"/>
                        <a href="#" class="method navigator-link" panel-name="suite-Default_suite" title="core.CreditCardValidationTest" hash-for-method="exp(MasterCard, 5584-3989-2997-3080, 09/19, 123)">exp(MasterCard, 5584-3989-2997-3080, 09/19, 123)</a> <!-- method navigator-link -->
                      </span>
                      <br/>
                      <span>
                        <img width="3%" src="passed.png"/>
                        <a href="#" class="method navigator-link" panel-name="suite-Default_suite" title="core.CreditCardValidationTest" hash-for-method="exp(VISA, 4532-5471-0699-4816, 03/20, 123)">exp(VISA, 4532-5471-0699-4816, 03/20, 123)</a> <!-- method navigator-link -->
                      </span>
                      <br/>
                      <span>
                        <img width="3%" src="passed.png"/>
                        <a href="#" class="method navigator-link" panel-name="suite-Default_suite" title="core.CreditCardValidationTest" hash-for-method="luhn(American Express, 344851787871137, 04/20, 1234)">luhn(American Express, 344851787871137, 04/20, 1234)</a> <!-- method navigator-link -->
                      </span>
                      <br/>
                      <span>
                        <img width="3%" src="passed.png"/>
                        <a href="#" class="method navigator-link" panel-name="suite-Default_suite" title="core.CreditCardValidationTest" hash-for-method="luhn(VISA, 4532-5471-0699-4816, 03/18, 1234)">luhn(VISA, 4532-5471-0699-4816, 03/18, 1234)</a> <!-- method navigator-link -->
                      </span>
                      <br/>
                      <span>
                        <img width="3%" src="passed.png"/>
                        <a href="#" class="method navigator-link" panel-name="suite-Default_suite" title="core.CreditCardValidationTest" hash-for-method="luhn(VISA, 4532-5471-0699-4816, 03/20, 123)">luhn(VISA, 4532-5471-0699-4816, 03/20, 123)</a> <!-- method navigator-link -->
                      </span>
                      <br/>
                      <span>
                        <img width="3%" src="passed.png"/>
                        <a href="#" class="method navigator-link" panel-name="suite-Default_suite" title="core.CreditCardValidationTest" hash-for-method="luhn(American Express, 344851787871137, 04/18, 123)">luhn(American Express, 344851787871137, 04/18, 123)</a> <!-- method navigator-link -->
                      </span>
                      <br/>
                      <span>
                        <img width="3%" src="passed.png"/>
                        <a href="#" class="method navigator-link" panel-name="suite-Default_suite" title="core.CreditCardValidationTest" hash-for-method="luhn(Discover, 6011-2091-3029-8913, 02/20, 123)">luhn(Discover, 6011-2091-3029-8913, 02/20, 123)</a> <!-- method navigator-link -->
                      </span>
                      <br/>
                      <span>
                        <img width="3%" src="passed.png"/>
                        <a href="#" class="method navigator-link" panel-name="suite-Default_suite" title="core.CreditCardValidationTest" hash-for-method="luhn(MasterCard, 5584-3989-2997-3080, 09/19, 123)">luhn(MasterCard, 5584-3989-2997-3080, 09/19, 123)</a> <!-- method navigator-link -->
                      </span>
                      <br/>
                      <span>
                        <img width="3%" src="passed.png"/>
                        <a href="#" class="method navigator-link" panel-name="suite-Default_suite" title="core.CreditCardValidationTest" hash-for-method="luhn(Discover, 6011-2091-3029-8913, 02/18, 1234)">luhn(Discover, 6011-2091-3029-8913, 02/18, 1234)</a> <!-- method navigator-link -->
                      </span>
                      <br/>
                      <span>
                        <img width="3%" src="passed.png"/>
                        <a href="#" class="method navigator-link" panel-name="suite-Default_suite" title="core.CreditCardValidationTest" hash-for-method="luhn(MasterCard, 5584-3989-2997-3080, 09/18, 1234)">luhn(MasterCard, 5584-3989-2997-3080, 09/18, 1234)</a> <!-- method navigator-link -->
                      </span>
                      <br/>
                      <span>
                        <img width="3%" src="passed.png"/>
                        <a href="#" class="method navigator-link" panel-name="suite-Default_suite" title="core.CreditCardValidationTest" hash-for-method="type(VISA, 4532-5471-0699-4816, 03/20, 123)">type(VISA, 4532-5471-0699-4816, 03/20, 123)</a> <!-- method navigator-link -->
                      </span>
                      <br/>
                      <span>
                        <img width="3%" src="passed.png"/>
                        <a href="#" class="method navigator-link" panel-name="suite-Default_suite" title="core.CreditCardValidationTest" hash-for-method="type(VISA, 4532-5471-0699-4816, 03/18, 1234)">type(VISA, 4532-5471-0699-4816, 03/18, 1234)</a> <!-- method navigator-link -->
                      </span>
                      <br/>
                      <span>
                        <img width="3%" src="passed.png"/>
                        <a href="#" class="method navigator-link" panel-name="suite-Default_suite" title="core.CreditCardValidationTest" hash-for-method="type(American Express, 344851787871137, 04/20, 1234)">type(American Express, 344851787871137, 04/20, 1234)</a> <!-- method navigator-link -->
                      </span>
                      <br/>
                      <span>
                        <img width="3%" src="passed.png"/>
                        <a href="#" class="method navigator-link" panel-name="suite-Default_suite" title="core.CreditCardValidationTest" hash-for-method="type(MasterCard, 5584-3989-2997-3080, 09/18, 1234)">type(MasterCard, 5584-3989-2997-3080, 09/18, 1234)</a> <!-- method navigator-link -->
                      </span>
                      <br/>
                      <span>
                        <img width="3%" src="passed.png"/>
                        <a href="#" class="method navigator-link" panel-name="suite-Default_suite" title="core.CreditCardValidationTest" hash-for-method="type(Discover, 6011-2091-3029-8913, 02/20, 123)">type(Discover, 6011-2091-3029-8913, 02/20, 123)</a> <!-- method navigator-link -->
                      </span>
                      <br/>
                      <span>
                        <img width="3%" src="passed.png"/>
                        <a href="#" class="method navigator-link" panel-name="suite-Default_suite" title="core.CreditCardValidationTest" hash-for-method="type(Discover, 6011-2091-3029-8913, 02/18, 1234)">type(Discover, 6011-2091-3029-8913, 02/18, 1234)</a> <!-- method navigator-link -->
                      </span>
                      <br/>
                      <span>
                        <img width="3%" src="passed.png"/>
                        <a href="#" class="method navigator-link" panel-name="suite-Default_suite" title="core.CreditCardValidationTest" hash-for-method="type(American Express, 344851787871137, 04/18, 123)">type(American Express, 344851787871137, 04/18, 123)</a> <!-- method navigator-link -->
                      </span>
                      <br/>
                      <span>
                        <img width="3%" src="passed.png"/>
                        <a href="#" class="method navigator-link" panel-name="suite-Default_suite" title="core.CreditCardValidationTest" hash-for-method="type(American Express, 344851787871138, 04/18, 123)">type(American Express, 344851787871138, 04/18, 123)</a> <!-- method navigator-link -->
                      </span>
                      <br/>
                      <span>
                        <img width="3%" src="passed.png"/>
                        <a href="#" class="method navigator-link" panel-name="suite-Default_suite" title="core.CreditCardValidationTest" hash-for-method="type(MasterCard, 5584-3989-2997-3080, 09/19, 123)">type(MasterCard, 5584-3989-2997-3080, 09/19, 123)</a> <!-- method navigator-link -->
                      </span>
                      <br/>
                    </div> <!-- method-list-content passed suite-Default_suite -->
                  </li>
                </ul>
              </div> <!-- suite-section-content -->
            </div> <!-- result-section -->
          </div> <!-- navigator-suite-content -->
        </div> <!-- rounded-window -->
      </div> <!-- suite -->
    </div> <!-- navigator-root -->
    <div class="wrapper">
      <div class="main-panel-root">
        <div panel-name="suite-Default_suite" class="panel Default_suite">
          <div class="suite-Default_suite-class-failed">
            <div class="main-panel-header rounded-window-top">
              <img src="failed.png"/>
              <span class="class-name">core.CreditCardValidationTest</span>
            </div> <!-- main-panel-header rounded-window-top -->
            <div class="main-panel-content rounded-window-bottom">
              <div class="method">
                <div class="method-content">
                  <a name="cvv(VISA, 4532-5471-0699-4816, 03/18, 1234)">
                  </a> <!-- cvv(VISA, 4532-5471-0699-4816, 03/18, 1234) -->
                  <span class="method-name">cvv</span>
                  <span class="parameters">(VISA, 4532-5471-0699-4816, 03/18, 1234)</span>
                  <div class="stack-trace">java.lang.AssertionError: 
Expected: Credit Card CVV: 1234, should be valid
     but: was &lt;false&gt;
	at org.hamcrest.MatcherAssert.assertThat(MatcherAssert.java:18)
	at org.hamcrest.MatcherAssert.assertThat(MatcherAssert.java:6)
	at core.CreditCardValidationTest.cvv(CreditCardValidationTest.java:37)
	at sun.reflect.NativeMethodAccessorImpl.invoke0(Native Method)
	at sun.reflect.NativeMethodAccessorImpl.invoke(NativeMethodAccessorImpl.java:62)
	at sun.reflect.DelegatingMethodAccessorImpl.invoke(DelegatingMethodAccessorImpl.java:43)
	at java.lang.reflect.Method.invoke(Method.java:498)
	at org.testng.internal.MethodInvocationHelper.invokeMethod(MethodInvocationHelper.java:124)
	at org.testng.internal.Invoker.invokeMethod(Invoker.java:583)
	at org.testng.internal.Invoker.invokeTestMethod(Invoker.java:719)
	at org.testng.internal.Invoker.invokeTestMethods(Invoker.java:989)
	at org.testng.internal.TestMethodWorker.invokeTestMethods(TestMethodWorker.java:125)
	at org.testng.internal.TestMethodWorker.run(TestMethodWorker.java:109)
	at org.testng.TestRunner.privateRun(TestRunner.java:648)
	at org.testng.TestRunner.run(TestRunner.java:505)
	at org.testng.SuiteRunner.runTest(SuiteRunner.java:455)
	at org.testng.SuiteRunner.runSequentially(SuiteRunner.java:450)
	at org.testng.SuiteRunner.privateRun(SuiteRunner.java:415)
	at org.testng.SuiteRunner.run(SuiteRunner.java:364)
	at org.testng.SuiteRunnerWorker.runSuite(SuiteRunnerWorker.java:52)
	at org.testng.SuiteRunnerWorker.run(SuiteRunnerWorker.java:84)
	at org.testng.TestNG.runSuitesSequentially(TestNG.java:1208)
	at org.testng.TestNG.runSuitesLocally(TestNG.java:1137)
	at org.testng.TestNG.runSuites(TestNG.java:1049)
	at org.testng.TestNG.run(TestNG.java:1017)
	at org.testng.remote.AbstractRemoteTestNG.run(AbstractRemoteTestNG.java:115)
	at org.testng.remote.RemoteTestNG.initAndRun(RemoteTestNG.java:251)
	at org.testng.remote.RemoteTestNG.main(RemoteTestNG.java:77)

</div> <!-- stack-trace -->
                </div> <!-- method-content -->
              </div> <!-- method -->
              <div class="method">
                <div class="method-content">
                  <a name="cvv(American Express, 344851787871137, 04/18, 123)">
                  </a> <!-- cvv(American Express, 344851787871137, 04/18, 123) -->
                  <span class="method-name">cvv</span>
                  <span class="parameters">(American Express, 344851787871137, 04/18, 123)</span>
                  <div class="stack-trace">java.lang.AssertionError: 
Expected: Credit Card CVV: 123, should be valid
     but: was &lt;false&gt;
	at org.hamcrest.MatcherAssert.assertThat(MatcherAssert.java:18)
	at org.hamcrest.MatcherAssert.assertThat(MatcherAssert.java:6)
	at core.CreditCardValidationTest.cvv(CreditCardValidationTest.java:37)
	at sun.reflect.NativeMethodAccessorImpl.invoke0(Native Method)
	at sun.reflect.NativeMethodAccessorImpl.invoke(NativeMethodAccessorImpl.java:62)
	at sun.reflect.DelegatingMethodAccessorImpl.invoke(DelegatingMethodAccessorImpl.java:43)
	at java.lang.reflect.Method.invoke(Method.java:498)
	at org.testng.internal.MethodInvocationHelper.invokeMethod(MethodInvocationHelper.java:124)
	at org.testng.internal.Invoker.invokeMethod(Invoker.java:583)
	at org.testng.internal.Invoker.invokeTestMethod(Invoker.java:719)
	at org.testng.internal.Invoker.invokeTestMethods(Invoker.java:989)
	at org.testng.internal.TestMethodWorker.invokeTestMethods(TestMethodWorker.java:125)
	at org.testng.internal.TestMethodWorker.run(TestMethodWorker.java:109)
	at org.testng.TestRunner.privateRun(TestRunner.java:648)
	at org.testng.TestRunner.run(TestRunner.java:505)
	at org.testng.SuiteRunner.runTest(SuiteRunner.java:455)
	at org.testng.SuiteRunner.runSequentially(SuiteRunner.java:450)
	at org.testng.SuiteRunner.privateRun(SuiteRunner.java:415)
	at org.testng.SuiteRunner.run(SuiteRunner.java:364)
	at org.testng.SuiteRunnerWorker.runSuite(SuiteRunnerWorker.java:52)
	at org.testng.SuiteRunnerWorker.run(SuiteRunnerWorker.java:84)
	at org.testng.TestNG.runSuitesSequentially(TestNG.java:1208)
	at org.testng.TestNG.runSuitesLocally(TestNG.java:1137)
	at org.testng.TestNG.runSuites(TestNG.java:1049)
	at org.testng.TestNG.run(TestNG.java:1017)
	at org.testng.remote.AbstractRemoteTestNG.run(AbstractRemoteTestNG.java:115)
	at org.testng.remote.RemoteTestNG.initAndRun(RemoteTestNG.java:251)
	at org.testng.remote.RemoteTestNG.main(RemoteTestNG.java:77)

</div> <!-- stack-trace -->
                </div> <!-- method-content -->
              </div> <!-- method -->
              <div class="method">
                <div class="method-content">
                  <a name="cvv(MasterCard, 5584-3989-2997-3080, 09/18, 1234)">
                  </a> <!-- cvv(MasterCard, 5584-3989-2997-3080, 09/18, 1234) -->
                  <span class="method-name">cvv</span>
                  <span class="parameters">(MasterCard, 5584-3989-2997-3080, 09/18, 1234)</span>
                  <div class="stack-trace">java.lang.AssertionError: 
Expected: Credit Card CVV: 1234, should be valid
     but: was &lt;false&gt;
	at org.hamcrest.MatcherAssert.assertThat(MatcherAssert.java:18)
	at org.hamcrest.MatcherAssert.assertThat(MatcherAssert.java:6)
	at core.CreditCardValidationTest.cvv(CreditCardValidationTest.java:37)
	at sun.reflect.NativeMethodAccessorImpl.invoke0(Native Method)
	at sun.reflect.NativeMethodAccessorImpl.invoke(NativeMethodAccessorImpl.java:62)
	at sun.reflect.DelegatingMethodAccessorImpl.invoke(DelegatingMethodAccessorImpl.java:43)
	at java.lang.reflect.Method.invoke(Method.java:498)
	at org.testng.internal.MethodInvocationHelper.invokeMethod(MethodInvocationHelper.java:124)
	at org.testng.internal.Invoker.invokeMethod(Invoker.java:583)
	at org.testng.internal.Invoker.invokeTestMethod(Invoker.java:719)
	at org.testng.internal.Invoker.invokeTestMethods(Invoker.java:989)
	at org.testng.internal.TestMethodWorker.invokeTestMethods(TestMethodWorker.java:125)
	at org.testng.internal.TestMethodWorker.run(TestMethodWorker.java:109)
	at org.testng.TestRunner.privateRun(TestRunner.java:648)
	at org.testng.TestRunner.run(TestRunner.java:505)
	at org.testng.SuiteRunner.runTest(SuiteRunner.java:455)
	at org.testng.SuiteRunner.runSequentially(SuiteRunner.java:450)
	at org.testng.SuiteRunner.privateRun(SuiteRunner.java:415)
	at org.testng.SuiteRunner.run(SuiteRunner.java:364)
	at org.testng.SuiteRunnerWorker.runSuite(SuiteRunnerWorker.java:52)
	at org.testng.SuiteRunnerWorker.run(SuiteRunnerWorker.java:84)
	at org.testng.TestNG.runSuitesSequentially(TestNG.java:1208)
	at org.testng.TestNG.runSuitesLocally(TestNG.java:1137)
	at org.testng.TestNG.runSuites(TestNG.java:1049)
	at org.testng.TestNG.run(TestNG.java:1017)
	at org.testng.remote.AbstractRemoteTestNG.run(AbstractRemoteTestNG.java:115)
	at org.testng.remote.RemoteTestNG.initAndRun(RemoteTestNG.java:251)
	at org.testng.remote.RemoteTestNG.main(RemoteTestNG.java:77)

</div> <!-- stack-trace -->
                </div> <!-- method-content -->
              </div> <!-- method -->
              <div class="method">
                <div class="method-content">
                  <a name="cvv(Discover, 6011-2091-3029-8913, 02/18, 1234)">
                  </a> <!-- cvv(Discover, 6011-2091-3029-8913, 02/18, 1234) -->
                  <span class="method-name">cvv</span>
                  <span class="parameters">(Discover, 6011-2091-3029-8913, 02/18, 1234)</span>
                  <div class="stack-trace">java.lang.AssertionError: 
Expected: Credit Card CVV: 1234, should be valid
     but: was &lt;false&gt;
	at org.hamcrest.MatcherAssert.assertThat(MatcherAssert.java:18)
	at org.hamcrest.MatcherAssert.assertThat(MatcherAssert.java:6)
	at core.CreditCardValidationTest.cvv(CreditCardValidationTest.java:37)
	at sun.reflect.NativeMethodAccessorImpl.invoke0(Native Method)
	at sun.reflect.NativeMethodAccessorImpl.invoke(NativeMethodAccessorImpl.java:62)
	at sun.reflect.DelegatingMethodAccessorImpl.invoke(DelegatingMethodAccessorImpl.java:43)
	at java.lang.reflect.Method.invoke(Method.java:498)
	at org.testng.internal.MethodInvocationHelper.invokeMethod(MethodInvocationHelper.java:124)
	at org.testng.internal.Invoker.invokeMethod(Invoker.java:583)
	at org.testng.internal.Invoker.invokeTestMethod(Invoker.java:719)
	at org.testng.internal.Invoker.invokeTestMethods(Invoker.java:989)
	at org.testng.internal.TestMethodWorker.invokeTestMethods(TestMethodWorker.java:125)
	at org.testng.internal.TestMethodWorker.run(TestMethodWorker.java:109)
	at org.testng.TestRunner.privateRun(TestRunner.java:648)
	at org.testng.TestRunner.run(TestRunner.java:505)
	at org.testng.SuiteRunner.runTest(SuiteRunner.java:455)
	at org.testng.SuiteRunner.runSequentially(SuiteRunner.java:450)
	at org.testng.SuiteRunner.privateRun(SuiteRunner.java:415)
	at org.testng.SuiteRunner.run(SuiteRunner.java:364)
	at org.testng.SuiteRunnerWorker.runSuite(SuiteRunnerWorker.java:52)
	at org.testng.SuiteRunnerWorker.run(SuiteRunnerWorker.java:84)
	at org.testng.TestNG.runSuitesSequentially(TestNG.java:1208)
	at org.testng.TestNG.runSuitesLocally(TestNG.java:1137)
	at org.testng.TestNG.runSuites(TestNG.java:1049)
	at org.testng.TestNG.run(TestNG.java:1017)
	at org.testng.remote.AbstractRemoteTestNG.run(AbstractRemoteTestNG.java:115)
	at org.testng.remote.RemoteTestNG.initAndRun(RemoteTestNG.java:251)
	at org.testng.remote.RemoteTestNG.main(RemoteTestNG.java:77)

</div> <!-- stack-trace -->
                </div> <!-- method-content -->
              </div> <!-- method -->
              <div class="method">
                <div class="method-content">
                  <a name="cvv(American Express, 344851787871138, 04/18, 123)">
                  </a> <!-- cvv(American Express, 344851787871138, 04/18, 123) -->
                  <span class="method-name">cvv</span>
                  <span class="parameters">(American Express, 344851787871138, 04/18, 123)</span>
                  <div class="stack-trace">java.lang.AssertionError: 
Expected: Credit Card CVV: 123, should be valid
     but: was &lt;false&gt;
	at org.hamcrest.MatcherAssert.assertThat(MatcherAssert.java:18)
	at org.hamcrest.MatcherAssert.assertThat(MatcherAssert.java:6)
	at core.CreditCardValidationTest.cvv(CreditCardValidationTest.java:37)
	at sun.reflect.NativeMethodAccessorImpl.invoke0(Native Method)
	at sun.reflect.NativeMethodAccessorImpl.invoke(NativeMethodAccessorImpl.java:62)
	at sun.reflect.DelegatingMethodAccessorImpl.invoke(DelegatingMethodAccessorImpl.java:43)
	at java.lang.reflect.Method.invoke(Method.java:498)
	at org.testng.internal.MethodInvocationHelper.invokeMethod(MethodInvocationHelper.java:124)
	at org.testng.internal.Invoker.invokeMethod(Invoker.java:583)
	at org.testng.internal.Invoker.invokeTestMethod(Invoker.java:719)
	at org.testng.internal.Invoker.invokeTestMethods(Invoker.java:989)
	at org.testng.internal.TestMethodWorker.invokeTestMethods(TestMethodWorker.java:125)
	at org.testng.internal.TestMethodWorker.run(TestMethodWorker.java:109)
	at org.testng.TestRunner.privateRun(TestRunner.java:648)
	at org.testng.TestRunner.run(TestRunner.java:505)
	at org.testng.SuiteRunner.runTest(SuiteRunner.java:455)
	at org.testng.SuiteRunner.runSequentially(SuiteRunner.java:450)
	at org.testng.SuiteRunner.privateRun(SuiteRunner.java:415)
	at org.testng.SuiteRunner.run(SuiteRunner.java:364)
	at org.testng.SuiteRunnerWorker.runSuite(SuiteRunnerWorker.java:52)
	at org.testng.SuiteRunnerWorker.run(SuiteRunnerWorker.java:84)
	at org.testng.TestNG.runSuitesSequentially(TestNG.java:1208)
	at org.testng.TestNG.runSuitesLocally(TestNG.java:1137)
	at org.testng.TestNG.runSuites(TestNG.java:1049)
	at org.testng.TestNG.run(TestNG.java:1017)
	at org.testng.remote.AbstractRemoteTestNG.run(AbstractRemoteTestNG.java:115)
	at org.testng.remote.RemoteTestNG.initAndRun(RemoteTestNG.java:251)
	at org.testng.remote.RemoteTestNG.main(RemoteTestNG.java:77)

</div> <!-- stack-trace -->
                </div> <!-- method-content -->
              </div> <!-- method -->
              <div class="method">
                <div class="method-content">
                  <a name="exp(American Expresss, 344851787871138, 04/18, 123)">
                  </a> <!-- exp(American Expresss, 344851787871138, 04/18, 123) -->
                  <span class="method-name">exp</span>
                  <span class="parameters">(American Expresss, 344851787871138, 04/18, 123)</span>
                  <div class="stack-trace">java.lang.AssertionError: 
Expected: Credit Card Exp: 04/18, should be not expired
     but: was &lt;false&gt;
	at org.hamcrest.MatcherAssert.assertThat(MatcherAssert.java:18)
	at org.hamcrest.MatcherAssert.assertThat(MatcherAssert.java:6)
	at core.CreditCardValidationTest.exp(CreditCardValidationTest.java:32)
	at sun.reflect.NativeMethodAccessorImpl.invoke0(Native Method)
	at sun.reflect.NativeMethodAccessorImpl.invoke(NativeMethodAccessorImpl.java:62)
	at sun.reflect.DelegatingMethodAccessorImpl.invoke(DelegatingMethodAccessorImpl.java:43)
	at java.lang.reflect.Method.invoke(Method.java:498)
	at org.testng.internal.MethodInvocationHelper.invokeMethod(MethodInvocationHelper.java:124)
	at org.testng.internal.Invoker.invokeMethod(Invoker.java:583)
	at org.testng.internal.Invoker.invokeTestMethod(Invoker.java:719)
	at org.testng.internal.Invoker.invokeTestMethods(Invoker.java:989)
	at org.testng.internal.TestMethodWorker.invokeTestMethods(TestMethodWorker.java:125)
	at org.testng.internal.TestMethodWorker.run(TestMethodWorker.java:109)
	at org.testng.TestRunner.privateRun(TestRunner.java:648)
	at org.testng.TestRunner.run(TestRunner.java:505)
	at org.testng.SuiteRunner.runTest(SuiteRunner.java:455)
	at org.testng.SuiteRunner.runSequentially(SuiteRunner.java:450)
	at org.testng.SuiteRunner.privateRun(SuiteRunner.java:415)
	at org.testng.SuiteRunner.run(SuiteRunner.java:364)
	at org.testng.SuiteRunnerWorker.runSuite(SuiteRunnerWorker.java:52)
	at org.testng.SuiteRunnerWorker.run(SuiteRunnerWorker.java:84)
	at org.testng.TestNG.runSuitesSequentially(TestNG.java:1208)
	at org.testng.TestNG.runSuitesLocally(TestNG.java:1137)
	at org.testng.TestNG.runSuites(TestNG.java:1049)
	at org.testng.TestNG.run(TestNG.java:1017)
	at org.testng.remote.AbstractRemoteTestNG.run(AbstractRemoteTestNG.java:115)
	at org.testng.remote.RemoteTestNG.initAndRun(RemoteTestNG.java:251)
	at org.testng.remote.RemoteTestNG.main(RemoteTestNG.java:77)

</div> <!-- stack-trace -->
                </div> <!-- method-content -->
              </div> <!-- method -->
              <div class="method">
                <div class="method-content">
                  <a name="exp(MasterCard, 5584-3989-2997-3080, 09/18, 1234)">
                  </a> <!-- exp(MasterCard, 5584-3989-2997-3080, 09/18, 1234) -->
                  <span class="method-name">exp</span>
                  <span class="parameters">(MasterCard, 5584-3989-2997-3080, 09/18, 1234)</span>
                  <div class="stack-trace">java.lang.AssertionError: 
Expected: Credit Card Exp: 09/18, should be not expired
     but: was &lt;false&gt;
	at org.hamcrest.MatcherAssert.assertThat(MatcherAssert.java:18)
	at org.hamcrest.MatcherAssert.assertThat(MatcherAssert.java:6)
	at core.CreditCardValidationTest.exp(CreditCardValidationTest.java:32)
	at sun.reflect.NativeMethodAccessorImpl.invoke0(Native Method)
	at sun.reflect.NativeMethodAccessorImpl.invoke(NativeMethodAccessorImpl.java:62)
	at sun.reflect.DelegatingMethodAccessorImpl.invoke(DelegatingMethodAccessorImpl.java:43)
	at java.lang.reflect.Method.invoke(Method.java:498)
	at org.testng.internal.MethodInvocationHelper.invokeMethod(MethodInvocationHelper.java:124)
	at org.testng.internal.Invoker.invokeMethod(Invoker.java:583)
	at org.testng.internal.Invoker.invokeTestMethod(Invoker.java:719)
	at org.testng.internal.Invoker.invokeTestMethods(Invoker.java:989)
	at org.testng.internal.TestMethodWorker.invokeTestMethods(TestMethodWorker.java:125)
	at org.testng.internal.TestMethodWorker.run(TestMethodWorker.java:109)
	at org.testng.TestRunner.privateRun(TestRunner.java:648)
	at org.testng.TestRunner.run(TestRunner.java:505)
	at org.testng.SuiteRunner.runTest(SuiteRunner.java:455)
	at org.testng.SuiteRunner.runSequentially(SuiteRunner.java:450)
	at org.testng.SuiteRunner.privateRun(SuiteRunner.java:415)
	at org.testng.SuiteRunner.run(SuiteRunner.java:364)
	at org.testng.SuiteRunnerWorker.runSuite(SuiteRunnerWorker.java:52)
	at org.testng.SuiteRunnerWorker.run(SuiteRunnerWorker.java:84)
	at org.testng.TestNG.runSuitesSequentially(TestNG.java:1208)
	at org.testng.TestNG.runSuitesLocally(TestNG.java:1137)
	at org.testng.TestNG.runSuites(TestNG.java:1049)
	at org.testng.TestNG.run(TestNG.java:1017)
	at org.testng.remote.AbstractRemoteTestNG.run(AbstractRemoteTestNG.java:115)
	at org.testng.remote.RemoteTestNG.initAndRun(RemoteTestNG.java:251)
	at org.testng.remote.RemoteTestNG.main(RemoteTestNG.java:77)

</div> <!-- stack-trace -->
                </div> <!-- method-content -->
              </div> <!-- method -->
              <div class="method">
                <div class="method-content">
                  <a name="exp(American Express, 344851787871137, 04/18, 123)">
                  </a> <!-- exp(American Express, 344851787871137, 04/18, 123) -->
                  <span class="method-name">exp</span>
                  <span class="parameters">(American Express, 344851787871137, 04/18, 123)</span>
                  <div class="stack-trace">java.lang.AssertionError: 
Expected: Credit Card Exp: 04/18, should be not expired
     but: was &lt;false&gt;
	at org.hamcrest.MatcherAssert.assertThat(MatcherAssert.java:18)
	at org.hamcrest.MatcherAssert.assertThat(MatcherAssert.java:6)
	at core.CreditCardValidationTest.exp(CreditCardValidationTest.java:32)
	at sun.reflect.NativeMethodAccessorImpl.invoke0(Native Method)
	at sun.reflect.NativeMethodAccessorImpl.invoke(NativeMethodAccessorImpl.java:62)
	at sun.reflect.DelegatingMethodAccessorImpl.invoke(DelegatingMethodAccessorImpl.java:43)
	at java.lang.reflect.Method.invoke(Method.java:498)
	at org.testng.internal.MethodInvocationHelper.invokeMethod(MethodInvocationHelper.java:124)
	at org.testng.internal.Invoker.invokeMethod(Invoker.java:583)
	at org.testng.internal.Invoker.invokeTestMethod(Invoker.java:719)
	at org.testng.internal.Invoker.invokeTestMethods(Invoker.java:989)
	at org.testng.internal.TestMethodWorker.invokeTestMethods(TestMethodWorker.java:125)
	at org.testng.internal.TestMethodWorker.run(TestMethodWorker.java:109)
	at org.testng.TestRunner.privateRun(TestRunner.java:648)
	at org.testng.TestRunner.run(TestRunner.java:505)
	at org.testng.SuiteRunner.runTest(SuiteRunner.java:455)
	at org.testng.SuiteRunner.runSequentially(SuiteRunner.java:450)
	at org.testng.SuiteRunner.privateRun(SuiteRunner.java:415)
	at org.testng.SuiteRunner.run(SuiteRunner.java:364)
	at org.testng.SuiteRunnerWorker.runSuite(SuiteRunnerWorker.java:52)
	at org.testng.SuiteRunnerWorker.run(SuiteRunnerWorker.java:84)
	at org.testng.TestNG.runSuitesSequentially(TestNG.java:1208)
	at org.testng.TestNG.runSuitesLocally(TestNG.java:1137)
	at org.testng.TestNG.runSuites(TestNG.java:1049)
	at org.testng.TestNG.run(TestNG.java:1017)
	at org.testng.remote.AbstractRemoteTestNG.run(AbstractRemoteTestNG.java:115)
	at org.testng.remote.RemoteTestNG.initAndRun(RemoteTestNG.java:251)
	at org.testng.remote.RemoteTestNG.main(RemoteTestNG.java:77)

</div> <!-- stack-trace -->
                </div> <!-- method-content -->
              </div> <!-- method -->
              <div class="method">
                <div class="method-content">
                  <a name="exp(American Express, 344851787871138, 04/18, 123)">
                  </a> <!-- exp(American Express, 344851787871138, 04/18, 123) -->
                  <span class="method-name">exp</span>
                  <span class="parameters">(American Express, 344851787871138, 04/18, 123)</span>
                  <div class="stack-trace">java.lang.AssertionError: 
Expected: Credit Card Exp: 04/18, should be not expired
     but: was &lt;false&gt;
	at org.hamcrest.MatcherAssert.assertThat(MatcherAssert.java:18)
	at org.hamcrest.MatcherAssert.assertThat(MatcherAssert.java:6)
	at core.CreditCardValidationTest.exp(CreditCardValidationTest.java:32)
	at sun.reflect.NativeMethodAccessorImpl.invoke0(Native Method)
	at sun.reflect.NativeMethodAccessorImpl.invoke(NativeMethodAccessorImpl.java:62)
	at sun.reflect.DelegatingMethodAccessorImpl.invoke(DelegatingMethodAccessorImpl.java:43)
	at java.lang.reflect.Method.invoke(Method.java:498)
	at org.testng.internal.MethodInvocationHelper.invokeMethod(MethodInvocationHelper.java:124)
	at org.testng.internal.Invoker.invokeMethod(Invoker.java:583)
	at org.testng.internal.Invoker.invokeTestMethod(Invoker.java:719)
	at org.testng.internal.Invoker.invokeTestMethods(Invoker.java:989)
	at org.testng.internal.TestMethodWorker.invokeTestMethods(TestMethodWorker.java:125)
	at org.testng.internal.TestMethodWorker.run(TestMethodWorker.java:109)
	at org.testng.TestRunner.privateRun(TestRunner.java:648)
	at org.testng.TestRunner.run(TestRunner.java:505)
	at org.testng.SuiteRunner.runTest(SuiteRunner.java:455)
	at org.testng.SuiteRunner.runSequentially(SuiteRunner.java:450)
	at org.testng.SuiteRunner.privateRun(SuiteRunner.java:415)
	at org.testng.SuiteRunner.run(SuiteRunner.java:364)
	at org.testng.SuiteRunnerWorker.runSuite(SuiteRunnerWorker.java:52)
	at org.testng.SuiteRunnerWorker.run(SuiteRunnerWorker.java:84)
	at org.testng.TestNG.runSuitesSequentially(TestNG.java:1208)
	at org.testng.TestNG.runSuitesLocally(TestNG.java:1137)
	at org.testng.TestNG.runSuites(TestNG.java:1049)
	at org.testng.TestNG.run(TestNG.java:1017)
	at org.testng.remote.AbstractRemoteTestNG.run(AbstractRemoteTestNG.java:115)
	at org.testng.remote.RemoteTestNG.initAndRun(RemoteTestNG.java:251)
	at org.testng.remote.RemoteTestNG.main(RemoteTestNG.java:77)

</div> <!-- stack-trace -->
                </div> <!-- method-content -->
              </div> <!-- method -->
              <div class="method">
                <div class="method-content">
                  <a name="exp(Discover, 6011-2091-3029-8913, 02/18, 1234)">
                  </a> <!-- exp(Discover, 6011-2091-3029-8913, 02/18, 1234) -->
                  <span class="method-name">exp</span>
                  <span class="parameters">(Discover, 6011-2091-3029-8913, 02/18, 1234)</span>
                  <div class="stack-trace">java.lang.AssertionError: 
Expected: Credit Card Exp: 02/18, should be not expired
     but: was &lt;false&gt;
	at org.hamcrest.MatcherAssert.assertThat(MatcherAssert.java:18)
	at org.hamcrest.MatcherAssert.assertThat(MatcherAssert.java:6)
	at core.CreditCardValidationTest.exp(CreditCardValidationTest.java:32)
	at sun.reflect.NativeMethodAccessorImpl.invoke0(Native Method)
	at sun.reflect.NativeMethodAccessorImpl.invoke(NativeMethodAccessorImpl.java:62)
	at sun.reflect.DelegatingMethodAccessorImpl.invoke(DelegatingMethodAccessorImpl.java:43)
	at java.lang.reflect.Method.invoke(Method.java:498)
	at org.testng.internal.MethodInvocationHelper.invokeMethod(MethodInvocationHelper.java:124)
	at org.testng.internal.Invoker.invokeMethod(Invoker.java:583)
	at org.testng.internal.Invoker.invokeTestMethod(Invoker.java:719)
	at org.testng.internal.Invoker.invokeTestMethods(Invoker.java:989)
	at org.testng.internal.TestMethodWorker.invokeTestMethods(TestMethodWorker.java:125)
	at org.testng.internal.TestMethodWorker.run(TestMethodWorker.java:109)
	at org.testng.TestRunner.privateRun(TestRunner.java:648)
	at org.testng.TestRunner.run(TestRunner.java:505)
	at org.testng.SuiteRunner.runTest(SuiteRunner.java:455)
	at org.testng.SuiteRunner.runSequentially(SuiteRunner.java:450)
	at org.testng.SuiteRunner.privateRun(SuiteRunner.java:415)
	at org.testng.SuiteRunner.run(SuiteRunner.java:364)
	at org.testng.SuiteRunnerWorker.runSuite(SuiteRunnerWorker.java:52)
	at org.testng.SuiteRunnerWorker.run(SuiteRunnerWorker.java:84)
	at org.testng.TestNG.runSuitesSequentially(TestNG.java:1208)
	at org.testng.TestNG.runSuitesLocally(TestNG.java:1137)
	at org.testng.TestNG.runSuites(TestNG.java:1049)
	at org.testng.TestNG.run(TestNG.java:1017)
	at org.testng.remote.AbstractRemoteTestNG.run(AbstractRemoteTestNG.java:115)
	at org.testng.remote.RemoteTestNG.initAndRun(RemoteTestNG.java:251)
	at org.testng.remote.RemoteTestNG.main(RemoteTestNG.java:77)

</div> <!-- stack-trace -->
                </div> <!-- method-content -->
              </div> <!-- method -->
              <div class="method">
                <div class="method-content">
                  <a name="exp(VISA, 4532-5471-0699-4816, 03/18, 1234)">
                  </a> <!-- exp(VISA, 4532-5471-0699-4816, 03/18, 1234) -->
                  <span class="method-name">exp</span>
                  <span class="parameters">(VISA, 4532-5471-0699-4816, 03/18, 1234)</span>
                  <div class="stack-trace">java.lang.AssertionError: 
Expected: Credit Card Exp: 03/18, should be not expired
     but: was &lt;false&gt;
	at org.hamcrest.MatcherAssert.assertThat(MatcherAssert.java:18)
	at org.hamcrest.MatcherAssert.assertThat(MatcherAssert.java:6)
	at core.CreditCardValidationTest.exp(CreditCardValidationTest.java:32)
	at sun.reflect.NativeMethodAccessorImpl.invoke0(Native Method)
	at sun.reflect.NativeMethodAccessorImpl.invoke(NativeMethodAccessorImpl.java:62)
	at sun.reflect.DelegatingMethodAccessorImpl.invoke(DelegatingMethodAccessorImpl.java:43)
	at java.lang.reflect.Method.invoke(Method.java:498)
	at org.testng.internal.MethodInvocationHelper.invokeMethod(MethodInvocationHelper.java:124)
	at org.testng.internal.Invoker.invokeMethod(Invoker.java:583)
	at org.testng.internal.Invoker.invokeTestMethod(Invoker.java:719)
	at org.testng.internal.Invoker.invokeTestMethods(Invoker.java:989)
	at org.testng.internal.TestMethodWorker.invokeTestMethods(TestMethodWorker.java:125)
	at org.testng.internal.TestMethodWorker.run(TestMethodWorker.java:109)
	at org.testng.TestRunner.privateRun(TestRunner.java:648)
	at org.testng.TestRunner.run(TestRunner.java:505)
	at org.testng.SuiteRunner.runTest(SuiteRunner.java:455)
	at org.testng.SuiteRunner.runSequentially(SuiteRunner.java:450)
	at org.testng.SuiteRunner.privateRun(SuiteRunner.java:415)
	at org.testng.SuiteRunner.run(SuiteRunner.java:364)
	at org.testng.SuiteRunnerWorker.runSuite(SuiteRunnerWorker.java:52)
	at org.testng.SuiteRunnerWorker.run(SuiteRunnerWorker.java:84)
	at org.testng.TestNG.runSuitesSequentially(TestNG.java:1208)
	at org.testng.TestNG.runSuitesLocally(TestNG.java:1137)
	at org.testng.TestNG.runSuites(TestNG.java:1049)
	at org.testng.TestNG.run(TestNG.java:1017)
	at org.testng.remote.AbstractRemoteTestNG.run(AbstractRemoteTestNG.java:115)
	at org.testng.remote.RemoteTestNG.initAndRun(RemoteTestNG.java:251)
	at org.testng.remote.RemoteTestNG.main(RemoteTestNG.java:77)

</div> <!-- stack-trace -->
                </div> <!-- method-content -->
              </div> <!-- method -->
              <div class="method">
                <div class="method-content">
                  <a name="luhn(American Express, 344851787871138, 04/18, 123)">
                  </a> <!-- luhn(American Express, 344851787871138, 04/18, 123) -->
                  <span class="method-name">luhn</span>
                  <span class="parameters">(American Express, 344851787871138, 04/18, 123)</span>
                  <div class="stack-trace">java.lang.AssertionError: 
Expected: Luhn of: 344851787871138, should be valid
     but: was &lt;false&gt;
	at org.hamcrest.MatcherAssert.assertThat(MatcherAssert.java:18)
	at org.hamcrest.MatcherAssert.assertThat(MatcherAssert.java:6)
	at core.CreditCardValidationTest.luhn(CreditCardValidationTest.java:42)
	at sun.reflect.NativeMethodAccessorImpl.invoke0(Native Method)
	at sun.reflect.NativeMethodAccessorImpl.invoke(NativeMethodAccessorImpl.java:62)
	at sun.reflect.DelegatingMethodAccessorImpl.invoke(DelegatingMethodAccessorImpl.java:43)
	at java.lang.reflect.Method.invoke(Method.java:498)
	at org.testng.internal.MethodInvocationHelper.invokeMethod(MethodInvocationHelper.java:124)
	at org.testng.internal.Invoker.invokeMethod(Invoker.java:583)
	at org.testng.internal.Invoker.invokeTestMethod(Invoker.java:719)
	at org.testng.internal.Invoker.invokeTestMethods(Invoker.java:989)
	at org.testng.internal.TestMethodWorker.invokeTestMethods(TestMethodWorker.java:125)
	at org.testng.internal.TestMethodWorker.run(TestMethodWorker.java:109)
	at org.testng.TestRunner.privateRun(TestRunner.java:648)
	at org.testng.TestRunner.run(TestRunner.java:505)
	at org.testng.SuiteRunner.runTest(SuiteRunner.java:455)
	at org.testng.SuiteRunner.runSequentially(SuiteRunner.java:450)
	at org.testng.SuiteRunner.privateRun(SuiteRunner.java:415)
	at org.testng.SuiteRunner.run(SuiteRunner.java:364)
	at org.testng.SuiteRunnerWorker.runSuite(SuiteRunnerWorker.java:52)
	at org.testng.SuiteRunnerWorker.run(SuiteRunnerWorker.java:84)
	at org.testng.TestNG.runSuitesSequentially(TestNG.java:1208)
	at org.testng.TestNG.runSuitesLocally(TestNG.java:1137)
	at org.testng.TestNG.runSuites(TestNG.java:1049)
	at org.testng.TestNG.run(TestNG.java:1017)
	at org.testng.remote.AbstractRemoteTestNG.run(AbstractRemoteTestNG.java:115)
	at org.testng.remote.RemoteTestNG.initAndRun(RemoteTestNG.java:251)
	at org.testng.remote.RemoteTestNG.main(RemoteTestNG.java:77)

</div> <!-- stack-trace -->
                </div> <!-- method-content -->
              </div> <!-- method -->
              <div class="method">
                <div class="method-content">
                  <a name="luhn(American Expresss, 344851787871138, 04/18, 123)">
                  </a> <!-- luhn(American Expresss, 344851787871138, 04/18, 123) -->
                  <span class="method-name">luhn</span>
                  <span class="parameters">(American Expresss, 344851787871138, 04/18, 123)</span>
                  <div class="stack-trace">java.lang.AssertionError: 
Expected: Luhn of: 344851787871138, should be valid
     but: was &lt;false&gt;
	at org.hamcrest.MatcherAssert.assertThat(MatcherAssert.java:18)
	at org.hamcrest.MatcherAssert.assertThat(MatcherAssert.java:6)
	at core.CreditCardValidationTest.luhn(CreditCardValidationTest.java:42)
	at sun.reflect.NativeMethodAccessorImpl.invoke0(Native Method)
	at sun.reflect.NativeMethodAccessorImpl.invoke(NativeMethodAccessorImpl.java:62)
	at sun.reflect.DelegatingMethodAccessorImpl.invoke(DelegatingMethodAccessorImpl.java:43)
	at java.lang.reflect.Method.invoke(Method.java:498)
	at org.testng.internal.MethodInvocationHelper.invokeMethod(MethodInvocationHelper.java:124)
	at org.testng.internal.Invoker.invokeMethod(Invoker.java:583)
	at org.testng.internal.Invoker.invokeTestMethod(Invoker.java:719)
	at org.testng.internal.Invoker.invokeTestMethods(Invoker.java:989)
	at org.testng.internal.TestMethodWorker.invokeTestMethods(TestMethodWorker.java:125)
	at org.testng.internal.TestMethodWorker.run(TestMethodWorker.java:109)
	at org.testng.TestRunner.privateRun(TestRunner.java:648)
	at org.testng.TestRunner.run(TestRunner.java:505)
	at org.testng.SuiteRunner.runTest(SuiteRunner.java:455)
	at org.testng.SuiteRunner.runSequentially(SuiteRunner.java:450)
	at org.testng.SuiteRunner.privateRun(SuiteRunner.java:415)
	at org.testng.SuiteRunner.run(SuiteRunner.java:364)
	at org.testng.SuiteRunnerWorker.runSuite(SuiteRunnerWorker.java:52)
	at org.testng.SuiteRunnerWorker.run(SuiteRunnerWorker.java:84)
	at org.testng.TestNG.runSuitesSequentially(TestNG.java:1208)
	at org.testng.TestNG.runSuitesLocally(TestNG.java:1137)
	at org.testng.TestNG.runSuites(TestNG.java:1049)
	at org.testng.TestNG.run(TestNG.java:1017)
	at org.testng.remote.AbstractRemoteTestNG.run(AbstractRemoteTestNG.java:115)
	at org.testng.remote.RemoteTestNG.initAndRun(RemoteTestNG.java:251)
	at org.testng.remote.RemoteTestNG.main(RemoteTestNG.java:77)

</div> <!-- stack-trace -->
                </div> <!-- method-content -->
              </div> <!-- method -->
              <div class="method">
                <div class="method-content">
                  <a name="type(American Expresss, 344851787871138, 04/18, 123)">
                  </a> <!-- type(American Expresss, 344851787871138, 04/18, 123) -->
                  <span class="method-name">type</span>
                  <span class="parameters">(American Expresss, 344851787871138, 04/18, 123)</span>
                  <div class="stack-trace">java.lang.AssertionError: 
Expected: Credit Card Type: American Expresss, should be valid
     but: was &lt;false&gt;
	at org.hamcrest.MatcherAssert.assertThat(MatcherAssert.java:18)
	at org.hamcrest.MatcherAssert.assertThat(MatcherAssert.java:6)
	at core.CreditCardValidationTest.type(CreditCardValidationTest.java:27)
	at sun.reflect.NativeMethodAccessorImpl.invoke0(Native Method)
	at sun.reflect.NativeMethodAccessorImpl.invoke(NativeMethodAccessorImpl.java:62)
	at sun.reflect.DelegatingMethodAccessorImpl.invoke(DelegatingMethodAccessorImpl.java:43)
	at java.lang.reflect.Method.invoke(Method.java:498)
	at org.testng.internal.MethodInvocationHelper.invokeMethod(MethodInvocationHelper.java:124)
	at org.testng.internal.Invoker.invokeMethod(Invoker.java:583)
	at org.testng.internal.Invoker.invokeTestMethod(Invoker.java:719)
	at org.testng.internal.Invoker.invokeTestMethods(Invoker.java:989)
	at org.testng.internal.TestMethodWorker.invokeTestMethods(TestMethodWorker.java:125)
	at org.testng.internal.TestMethodWorker.run(TestMethodWorker.java:109)
	at org.testng.TestRunner.privateRun(TestRunner.java:648)
	at org.testng.TestRunner.run(TestRunner.java:505)
	at org.testng.SuiteRunner.runTest(SuiteRunner.java:455)
	at org.testng.SuiteRunner.runSequentially(SuiteRunner.java:450)
	at org.testng.SuiteRunner.privateRun(SuiteRunner.java:415)
	at org.testng.SuiteRunner.run(SuiteRunner.java:364)
	at org.testng.SuiteRunnerWorker.runSuite(SuiteRunnerWorker.java:52)
	at org.testng.SuiteRunnerWorker.run(SuiteRunnerWorker.java:84)
	at org.testng.TestNG.runSuitesSequentially(TestNG.java:1208)
	at org.testng.TestNG.runSuitesLocally(TestNG.java:1137)
	at org.testng.TestNG.runSuites(TestNG.java:1049)
	at org.testng.TestNG.run(TestNG.java:1017)
	at org.testng.remote.AbstractRemoteTestNG.run(AbstractRemoteTestNG.java:115)
	at org.testng.remote.RemoteTestNG.initAndRun(RemoteTestNG.java:251)
	at org.testng.remote.RemoteTestNG.main(RemoteTestNG.java:77)

</div> <!-- stack-trace -->
                </div> <!-- method-content -->
              </div> <!-- method -->
            </div> <!-- main-panel-content rounded-window-bottom -->
          </div> <!-- suite-Default_suite-class-failed -->
          <div class="suite-Default_suite-class-passed">
            <div class="main-panel-header rounded-window-top">
              <img src="passed.png"/>
              <span class="class-name">core.CreditCardValidationTest</span>
            </div> <!-- main-panel-header rounded-window-top -->
            <div class="main-panel-content rounded-window-bottom">
              <div class="method">
                <div class="method-content">
                  <a name="cvv(VISA, 4532-5471-0699-4816, 03/20, 123)">
                  </a> <!-- cvv(VISA, 4532-5471-0699-4816, 03/20, 123) -->
                  <span class="method-name">cvv</span>
                  <span class="parameters">(VISA, 4532-5471-0699-4816, 03/20, 123)</span>
                </div> <!-- method-content -->
              </div> <!-- method -->
              <div class="method">
                <div class="method-content">
                  <a name="cvv(MasterCard, 5584-3989-2997-3080, 09/19, 123)">
                  </a> <!-- cvv(MasterCard, 5584-3989-2997-3080, 09/19, 123) -->
                  <span class="method-name">cvv</span>
                  <span class="parameters">(MasterCard, 5584-3989-2997-3080, 09/19, 123)</span>
                </div> <!-- method-content -->
              </div> <!-- method -->
              <div class="method">
                <div class="method-content">
                  <a name="cvv(Discover, 6011-2091-3029-8913, 02/20, 123)">
                  </a> <!-- cvv(Discover, 6011-2091-3029-8913, 02/20, 123) -->
                  <span class="method-name">cvv</span>
                  <span class="parameters">(Discover, 6011-2091-3029-8913, 02/20, 123)</span>
                </div> <!-- method-content -->
              </div> <!-- method -->
              <div class="method">
                <div class="method-content">
                  <a name="cvv(American Expresss, 344851787871138, 04/18, 123)">
                  </a> <!-- cvv(American Expresss, 344851787871138, 04/18, 123) -->
                  <span class="method-name">cvv</span>
                  <span class="parameters">(American Expresss, 344851787871138, 04/18, 123)</span>
                </div> <!-- method-content -->
              </div> <!-- method -->
              <div class="method">
                <div class="method-content">
                  <a name="cvv(American Express, 344851787871137, 04/20, 1234)">
                  </a> <!-- cvv(American Express, 344851787871137, 04/20, 1234) -->
                  <span class="method-name">cvv</span>
                  <span class="parameters">(American Express, 344851787871137, 04/20, 1234)</span>
                </div> <!-- method-content -->
              </div> <!-- method -->
              <div class="method">
                <div class="method-content">
                  <a name="exp(Discover, 6011-2091-3029-8913, 02/20, 123)">
                  </a> <!-- exp(Discover, 6011-2091-3029-8913, 02/20, 123) -->
                  <span class="method-name">exp</span>
                  <span class="parameters">(Discover, 6011-2091-3029-8913, 02/20, 123)</span>
                </div> <!-- method-content -->
              </div> <!-- method -->
              <div class="method">
                <div class="method-content">
                  <a name="exp(American Express, 344851787871137, 04/20, 1234)">
                  </a> <!-- exp(American Express, 344851787871137, 04/20, 1234) -->
                  <span class="method-name">exp</span>
                  <span class="parameters">(American Express, 344851787871137, 04/20, 1234)</span>
                </div> <!-- method-content -->
              </div> <!-- method -->
              <div class="method">
                <div class="method-content">
                  <a name="exp(MasterCard, 5584-3989-2997-3080, 09/19, 123)">
                  </a> <!-- exp(MasterCard, 5584-3989-2997-3080, 09/19, 123) -->
                  <span class="method-name">exp</span>
                  <span class="parameters">(MasterCard, 5584-3989-2997-3080, 09/19, 123)</span>
                </div> <!-- method-content -->
              </div> <!-- method -->
              <div class="method">
                <div class="method-content">
                  <a name="exp(VISA, 4532-5471-0699-4816, 03/20, 123)">
                  </a> <!-- exp(VISA, 4532-5471-0699-4816, 03/20, 123) -->
                  <span class="method-name">exp</span>
                  <span class="parameters">(VISA, 4532-5471-0699-4816, 03/20, 123)</span>
                </div> <!-- method-content -->
              </div> <!-- method -->
              <div class="method">
                <div class="method-content">
                  <a name="luhn(American Express, 344851787871137, 04/20, 1234)">
                  </a> <!-- luhn(American Express, 344851787871137, 04/20, 1234) -->
                  <span class="method-name">luhn</span>
                  <span class="parameters">(American Express, 344851787871137, 04/20, 1234)</span>
                </div> <!-- method-content -->
              </div> <!-- method -->
              <div class="method">
                <div class="method-content">
                  <a name="luhn(VISA, 4532-5471-0699-4816, 03/18, 1234)">
                  </a> <!-- luhn(VISA, 4532-5471-0699-4816, 03/18, 1234) -->
                  <span class="method-name">luhn</span>
                  <span class="parameters">(VISA, 4532-5471-0699-4816, 03/18, 1234)</span>
                </div> <!-- method-content -->
              </div> <!-- method -->
              <div class="method">
                <div class="method-content">
                  <a name="luhn(VISA, 4532-5471-0699-4816, 03/20, 123)">
                  </a> <!-- luhn(VISA, 4532-5471-0699-4816, 03/20, 123) -->
                  <span class="method-name">luhn</span>
                  <span class="parameters">(VISA, 4532-5471-0699-4816, 03/20, 123)</span>
                </div> <!-- method-content -->
              </div> <!-- method -->
              <div class="method">
                <div class="method-content">
                  <a name="luhn(American Express, 344851787871137, 04/18, 123)">
                  </a> <!-- luhn(American Express, 344851787871137, 04/18, 123) -->
                  <span class="method-name">luhn</span>
                  <span class="parameters">(American Express, 344851787871137, 04/18, 123)</span>
                </div> <!-- method-content -->
              </div> <!-- method -->
              <div class="method">
                <div class="method-content">
                  <a name="luhn(Discover, 6011-2091-3029-8913, 02/20, 123)">
                  </a> <!-- luhn(Discover, 6011-2091-3029-8913, 02/20, 123) -->
                  <span class="method-name">luhn</span>
                  <span class="parameters">(Discover, 6011-2091-3029-8913, 02/20, 123)</span>
                </div> <!-- method-content -->
              </div> <!-- method -->
              <div class="method">
                <div class="method-content">
                  <a name="luhn(MasterCard, 5584-3989-2997-3080, 09/19, 123)">
                  </a> <!-- luhn(MasterCard, 5584-3989-2997-3080, 09/19, 123) -->
                  <span class="method-name">luhn</span>
                  <span class="parameters">(MasterCard, 5584-3989-2997-3080, 09/19, 123)</span>
                </div> <!-- method-content -->
              </div> <!-- method -->
              <div class="method">
                <div class="method-content">
                  <a name="luhn(Discover, 6011-2091-3029-8913, 02/18, 1234)">
                  </a> <!-- luhn(Discover, 6011-2091-3029-8913, 02/18, 1234) -->
                  <span class="method-name">luhn</span>
                  <span class="parameters">(Discover, 6011-2091-3029-8913, 02/18, 1234)</span>
                </div> <!-- method-content -->
              </div> <!-- method -->
              <div class="method">
                <div class="method-content">
                  <a name="luhn(MasterCard, 5584-3989-2997-3080, 09/18, 1234)">
                  </a> <!-- luhn(MasterCard, 5584-3989-2997-3080, 09/18, 1234) -->
                  <span class="method-name">luhn</span>
                  <span class="parameters">(MasterCard, 5584-3989-2997-3080, 09/18, 1234)</span>
                </div> <!-- method-content -->
              </div> <!-- method -->
              <div class="method">
                <div class="method-content">
                  <a name="type(VISA, 4532-5471-0699-4816, 03/20, 123)">
                  </a> <!-- type(VISA, 4532-5471-0699-4816, 03/20, 123) -->
                  <span class="method-name">type</span>
                  <span class="parameters">(VISA, 4532-5471-0699-4816, 03/20, 123)</span>
                </div> <!-- method-content -->
              </div> <!-- method -->
              <div class="method">
                <div class="method-content">
                  <a name="type(VISA, 4532-5471-0699-4816, 03/18, 1234)">
                  </a> <!-- type(VISA, 4532-5471-0699-4816, 03/18, 1234) -->
                  <span class="method-name">type</span>
                  <span class="parameters">(VISA, 4532-5471-0699-4816, 03/18, 1234)</span>
                </div> <!-- method-content -->
              </div> <!-- method -->
              <div class="method">
                <div class="method-content">
                  <a name="type(American Express, 344851787871137, 04/20, 1234)">
                  </a> <!-- type(American Express, 344851787871137, 04/20, 1234) -->
                  <span class="method-name">type</span>
                  <span class="parameters">(American Express, 344851787871137, 04/20, 1234)</span>
                </div> <!-- method-content -->
              </div> <!-- method -->
              <div class="method">
                <div class="method-content">
                  <a name="type(MasterCard, 5584-3989-2997-3080, 09/18, 1234)">
                  </a> <!-- type(MasterCard, 5584-3989-2997-3080, 09/18, 1234) -->
                  <span class="method-name">type</span>
                  <span class="parameters">(MasterCard, 5584-3989-2997-3080, 09/18, 1234)</span>
                </div> <!-- method-content -->
              </div> <!-- method -->
              <div class="method">
                <div class="method-content">
                  <a name="type(Discover, 6011-2091-3029-8913, 02/20, 123)">
                  </a> <!-- type(Discover, 6011-2091-3029-8913, 02/20, 123) -->
                  <span class="method-name">type</span>
                  <span class="parameters">(Discover, 6011-2091-3029-8913, 02/20, 123)</span>
                </div> <!-- method-content -->
              </div> <!-- method -->
              <div class="method">
                <div class="method-content">
                  <a name="type(Discover, 6011-2091-3029-8913, 02/18, 1234)">
                  </a> <!-- type(Discover, 6011-2091-3029-8913, 02/18, 1234) -->
                  <span class="method-name">type</span>
                  <span class="parameters">(Discover, 6011-2091-3029-8913, 02/18, 1234)</span>
                </div> <!-- method-content -->
              </div> <!-- method -->
              <div class="method">
                <div class="method-content">
                  <a name="type(American Express, 344851787871137, 04/18, 123)">
                  </a> <!-- type(American Express, 344851787871137, 04/18, 123) -->
                  <span class="method-name">type</span>
                  <span class="parameters">(American Express, 344851787871137, 04/18, 123)</span>
                </div> <!-- method-content -->
              </div> <!-- method -->
              <div class="method">
                <div class="method-content">
                  <a name="type(American Express, 344851787871138, 04/18, 123)">
                  </a> <!-- type(American Express, 344851787871138, 04/18, 123) -->
                  <span class="method-name">type</span>
                  <span class="parameters">(American Express, 344851787871138, 04/18, 123)</span>
                </div> <!-- method-content -->
              </div> <!-- method -->
              <div class="method">
                <div class="method-content">
                  <a name="type(MasterCard, 5584-3989-2997-3080, 09/19, 123)">
                  </a> <!-- type(MasterCard, 5584-3989-2997-3080, 09/19, 123) -->
                  <span class="method-name">type</span>
                  <span class="parameters">(MasterCard, 5584-3989-2997-3080, 09/19, 123)</span>
                </div> <!-- method-content -->
              </div> <!-- method -->
            </div> <!-- main-panel-content rounded-window-bottom -->
          </div> <!-- suite-Default_suite-class-passed -->
        </div> <!-- panel Default_suite -->
        <div panel-name="test-xml-Default_suite" class="panel">
          <div class="main-panel-header rounded-window-top">
            <span class="header-content">/private/var/folders/8_/_p0mmlw97cs99gl5q1wd7jn80000gn/T/testng-eclipse--1148508736/testng-customsuite.xml</span>
          </div> <!-- main-panel-header rounded-window-top -->
          <div class="main-panel-content rounded-window-bottom">
            <pre>
&lt;?xml version=&quot;1.0&quot; encoding=&quot;UTF-8&quot;?&gt;
&lt;!DOCTYPE suite SYSTEM &quot;http://testng.org/testng-1.0.dtd&quot;&gt;
&lt;suite guice-stage=&quot;DEVELOPMENT&quot; name=&quot;Default suite&quot;&gt;
  &lt;test thread-count=&quot;5&quot; verbose=&quot;2&quot; name=&quot;Default test&quot;&gt;
    &lt;classes&gt;
      &lt;class name=&quot;core.CreditCardValidationTest&quot;/&gt;
    &lt;/classes&gt;
  &lt;/test&gt; &lt;!-- Default test --&gt;
&lt;/suite&gt; &lt;!-- Default suite --&gt;
            </pre>
          </div> <!-- main-panel-content rounded-window-bottom -->
        </div> <!-- panel -->
        <div panel-name="testlist-Default_suite" class="panel">
          <div class="main-panel-header rounded-window-top">
            <span class="header-content">Tests for Default suite</span>
          </div> <!-- main-panel-header rounded-window-top -->
          <div class="main-panel-content rounded-window-bottom">
            <ul>
              <li>
                <span class="test-name">Default test (1 class)</span>
              </li>
            </ul>
          </div> <!-- main-panel-content rounded-window-bottom -->
        </div> <!-- panel -->
        <div panel-name="group-Default_suite" class="panel">
          <div class="main-panel-header rounded-window-top">
            <span class="header-content">Groups for Default suite</span>
          </div> <!-- main-panel-header rounded-window-top -->
          <div class="main-panel-content rounded-window-bottom">
            <div class="test-group">
              <span class="test-group-name">cvv</span>
              <br/>
              <div class="method-in-group">
                <span class="method-in-group-name">cvv</span>
                <br/>
              </div> <!-- method-in-group -->
            </div> <!-- test-group -->
            <div class="test-group">
              <span class="test-group-name">exp</span>
              <br/>
              <div class="method-in-group">
                <span class="method-in-group-name">exp</span>
                <br/>
              </div> <!-- method-in-group -->
            </div> <!-- test-group -->
            <div class="test-group">
              <span class="test-group-name">luhn</span>
              <br/>
              <div class="method-in-group">
                <span class="method-in-group-name">luhn</span>
                <br/>
              </div> <!-- method-in-group -->
            </div> <!-- test-group -->
            <div class="test-group">
              <span class="test-group-name">type</span>
              <br/>
              <div class="method-in-group">
                <span class="method-in-group-name">type</span>
                <br/>
              </div> <!-- method-in-group -->
            </div> <!-- test-group -->
          </div> <!-- main-panel-content rounded-window-bottom -->
        </div> <!-- panel -->
        <div panel-name="times-Default_suite" class="panel">
          <div class="main-panel-header rounded-window-top">
            <span class="header-content">Times for Default suite</span>
          </div> <!-- main-panel-header rounded-window-top -->
          <div class="main-panel-content rounded-window-bottom">
            <div class="times-div">
              <script type="text/javascript">
suiteTableInitFunctions.push('tableData_Default_suite');
function tableData_Default_suite() {
var data = new google.visualization.DataTable();
data.addColumn('number', 'Number');
data.addColumn('string', 'Method');
data.addColumn('string', 'Class');
data.addColumn('number', 'Time (ms)');
data.addRows(40);
data.setCell(0, 0, 0)
data.setCell(0, 1, 'cvv')
data.setCell(0, 2, 'core.CreditCardValidationTest')
data.setCell(0, 3, 100);
data.setCell(1, 0, 1)
data.setCell(1, 1, 'cvv')
data.setCell(1, 2, 'core.CreditCardValidationTest')
data.setCell(1, 3, 6);
data.setCell(2, 0, 2)
data.setCell(2, 1, 'cvv')
data.setCell(2, 2, 'core.CreditCardValidationTest')
data.setCell(2, 3, 3);
data.setCell(3, 0, 3)
data.setCell(3, 1, 'type')
data.setCell(3, 2, 'core.CreditCardValidationTest')
data.setCell(3, 3, 3);
data.setCell(4, 0, 4)
data.setCell(4, 1, 'exp')
data.setCell(4, 2, 'core.CreditCardValidationTest')
data.setCell(4, 3, 3);
data.setCell(5, 0, 5)
data.setCell(5, 1, 'exp')
data.setCell(5, 2, 'core.CreditCardValidationTest')
data.setCell(5, 3, 3);
data.setCell(6, 0, 6)
data.setCell(6, 1, 'type')
data.setCell(6, 2, 'core.CreditCardValidationTest')
data.setCell(6, 3, 3);
data.setCell(7, 0, 7)
data.setCell(7, 1, 'luhn')
data.setCell(7, 2, 'core.CreditCardValidationTest')
data.setCell(7, 3, 3);
data.setCell(8, 0, 8)
data.setCell(8, 1, 'exp')
data.setCell(8, 2, 'core.CreditCardValidationTest')
data.setCell(8, 3, 3);
data.setCell(9, 0, 9)
data.setCell(9, 1, 'cvv')
data.setCell(9, 2, 'core.CreditCardValidationTest')
data.setCell(9, 3, 3);
data.setCell(10, 0, 10)
data.setCell(10, 1, 'exp')
data.setCell(10, 2, 'core.CreditCardValidationTest')
data.setCell(10, 3, 3);
data.setCell(11, 0, 11)
data.setCell(11, 1, 'cvv')
data.setCell(11, 2, 'core.CreditCardValidationTest')
data.setCell(11, 3, 3);
data.setCell(12, 0, 12)
data.setCell(12, 1, 'cvv')
data.setCell(12, 2, 'core.CreditCardValidationTest')
data.setCell(12, 3, 3);
data.setCell(13, 0, 13)
data.setCell(13, 1, 'exp')
data.setCell(13, 2, 'core.CreditCardValidationTest')
data.setCell(13, 3, 3);
data.setCell(14, 0, 14)
data.setCell(14, 1, 'cvv')
data.setCell(14, 2, 'core.CreditCardValidationTest')
data.setCell(14, 3, 3);
data.setCell(15, 0, 15)
data.setCell(15, 1, 'cvv')
data.setCell(15, 2, 'core.CreditCardValidationTest')
data.setCell(15, 3, 3);
data.setCell(16, 0, 16)
data.setCell(16, 1, 'luhn')
data.setCell(16, 2, 'core.CreditCardValidationTest')
data.setCell(16, 3, 2);
data.setCell(17, 0, 17)
data.setCell(17, 1, 'type')
data.setCell(17, 2, 'core.CreditCardValidationTest')
data.setCell(17, 3, 2);
data.setCell(18, 0, 18)
data.setCell(18, 1, 'luhn')
data.setCell(18, 2, 'core.CreditCardValidationTest')
data.setCell(18, 3, 2);
data.setCell(19, 0, 19)
data.setCell(19, 1, 'luhn')
data.setCell(19, 2, 'core.CreditCardValidationTest')
data.setCell(19, 3, 2);
data.setCell(20, 0, 20)
data.setCell(20, 1, 'exp')
data.setCell(20, 2, 'core.CreditCardValidationTest')
data.setCell(20, 3, 2);
data.setCell(21, 0, 21)
data.setCell(21, 1, 'type')
data.setCell(21, 2, 'core.CreditCardValidationTest')
data.setCell(21, 3, 2);
data.setCell(22, 0, 22)
data.setCell(22, 1, 'type')
data.setCell(22, 2, 'core.CreditCardValidationTest')
data.setCell(22, 3, 2);
data.setCell(23, 0, 23)
data.setCell(23, 1, 'type')
data.setCell(23, 2, 'core.CreditCardValidationTest')
data.setCell(23, 3, 2);
data.setCell(24, 0, 24)
data.setCell(24, 1, 'cvv')
data.setCell(24, 2, 'core.CreditCardValidationTest')
data.setCell(24, 3, 2);
data.setCell(25, 0, 25)
data.setCell(25, 1, 'type')
data.setCell(25, 2, 'core.CreditCardValidationTest')
data.setCell(25, 3, 2);
data.setCell(26, 0, 26)
data.setCell(26, 1, 'luhn')
data.setCell(26, 2, 'core.CreditCardValidationTest')
data.setCell(26, 3, 2);
data.setCell(27, 0, 27)
data.setCell(27, 1, 'luhn')
data.setCell(27, 2, 'core.CreditCardValidationTest')
data.setCell(27, 3, 2);
data.setCell(28, 0, 28)
data.setCell(28, 1, 'cvv')
data.setCell(28, 2, 'core.CreditCardValidationTest')
data.setCell(28, 3, 2);
data.setCell(29, 0, 29)
data.setCell(29, 1, 'type')
data.setCell(29, 2, 'core.CreditCardValidationTest')
data.setCell(29, 3, 2);
data.setCell(30, 0, 30)
data.setCell(30, 1, 'luhn')
data.setCell(30, 2, 'core.CreditCardValidationTest')
data.setCell(30, 3, 2);
data.setCell(31, 0, 31)
data.setCell(31, 1, 'type')
data.setCell(31, 2, 'core.CreditCardValidationTest')
data.setCell(31, 3, 2);
data.setCell(32, 0, 32)
data.setCell(32, 1, 'luhn')
data.setCell(32, 2, 'core.CreditCardValidationTest')
data.setCell(32, 3, 2);
data.setCell(33, 0, 33)
data.setCell(33, 1, 'type')
data.setCell(33, 2, 'core.CreditCardValidationTest')
data.setCell(33, 3, 2);
data.setCell(34, 0, 34)
data.setCell(34, 1, 'luhn')
data.setCell(34, 2, 'core.CreditCardValidationTest')
data.setCell(34, 3, 2);
data.setCell(35, 0, 35)
data.setCell(35, 1, 'luhn')
data.setCell(35, 2, 'core.CreditCardValidationTest')
data.setCell(35, 3, 2);
data.setCell(36, 0, 36)
data.setCell(36, 1, 'exp')
data.setCell(36, 2, 'core.CreditCardValidationTest')
data.setCell(36, 3, 2);
data.setCell(37, 0, 37)
data.setCell(37, 1, 'exp')
data.setCell(37, 2, 'core.CreditCardValidationTest')
data.setCell(37, 3, 2);
data.setCell(38, 0, 38)
data.setCell(38, 1, 'exp')
data.setCell(38, 2, 'core.CreditCardValidationTest')
data.setCell(38, 3, 2);
data.setCell(39, 0, 39)
data.setCell(39, 1, 'exp')
data.setCell(39, 2, 'core.CreditCardValidationTest')
data.setCell(39, 3, 2);
window.suiteTableData['Default_suite']= { tableData: data, tableDiv: 'times-div-Default_suite'}
return data;
}
              </script>
              <span class="suite-total-time">Total running time: 196 ms</span>
              <div id="times-div-Default_suite">
              </div> <!-- times-div-Default_suite -->
            </div> <!-- times-div -->
          </div> <!-- main-panel-content rounded-window-bottom -->
        </div> <!-- panel -->
        <div panel-name="reporter-Default_suite" class="panel">
          <div class="main-panel-header rounded-window-top">
            <span class="header-content">Reporter output for Default suite</span>
          </div> <!-- main-panel-header rounded-window-top -->
          <div class="main-panel-content rounded-window-bottom">
          </div> <!-- main-panel-content rounded-window-bottom -->
        </div> <!-- panel -->
        <div panel-name="ignored-methods-Default_suite" class="panel">
          <div class="main-panel-header rounded-window-top">
            <span class="header-content">0 ignored methods</span>
          </div> <!-- main-panel-header rounded-window-top -->
          <div class="main-panel-content rounded-window-bottom">
          </div> <!-- main-panel-content rounded-window-bottom -->
        </div> <!-- panel -->
        <div panel-name="chronological-Default_suite" class="panel">
          <div class="main-panel-header rounded-window-top">
            <span class="header-content">Methods in chronological order</span>
          </div> <!-- main-panel-header rounded-window-top -->
          <div class="main-panel-content rounded-window-bottom">
            <div class="chronological-class">
              <div class="chronological-class-name">core.CreditCardValidationTest</div> <!-- chronological-class-name -->
              <div class="test-method">
                <span class="method-name">cvv(VISA, 4532-5471-0699-4816, 03/20, 123)</span>
                <span class="method-start">0 ms</span>
              </div> <!-- test-method -->
              <div class="test-method">
                <span class="method-name">cvv(MasterCard, 5584-3989-2997-3080, 09/19, 123)</span>
                <span class="method-start">262 ms</span>
              </div> <!-- test-method -->
              <div class="test-method">
                <span class="method-name">cvv(Discover, 6011-2091-3029-8913, 02/20, 123)</span>
                <span class="method-start">269 ms</span>
              </div> <!-- test-method -->
              <div class="test-method">
                <span class="method-name">cvv(American Express, 344851787871137, 04/20, 1234)</span>
                <span class="method-start">273 ms</span>
              </div> <!-- test-method -->
              <div class="test-method">
                <img src="failed.png">
                </img>
                <span class="method-name">cvv(VISA, 4532-5471-0699-4816, 03/18, 1234)</span>
                <span class="method-start">279 ms</span>
              </div> <!-- test-method -->
              <div class="test-method">
                <img src="failed.png">
                </img>
                <span class="method-name">cvv(MasterCard, 5584-3989-2997-3080, 09/18, 1234)</span>
                <span class="method-start">291 ms</span>
              </div> <!-- test-method -->
              <div class="test-method">
                <img src="failed.png">
                </img>
                <span class="method-name">cvv(Discover, 6011-2091-3029-8913, 02/18, 1234)</span>
                <span class="method-start">297 ms</span>
              </div> <!-- test-method -->
              <div class="test-method">
                <img src="failed.png">
                </img>
                <span class="method-name">cvv(American Express, 344851787871137, 04/18, 123)</span>
                <span class="method-start">303 ms</span>
              </div> <!-- test-method -->
              <div class="test-method">
                <img src="failed.png">
                </img>
                <span class="method-name">cvv(American Express, 344851787871138, 04/18, 123)</span>
                <span class="method-start">310 ms</span>
              </div> <!-- test-method -->
              <div class="test-method">
                <span class="method-name">cvv(American Expresss, 344851787871138, 04/18, 123)</span>
                <span class="method-start">317 ms</span>
              </div> <!-- test-method -->
              <div class="test-method">
                <span class="method-name">exp(VISA, 4532-5471-0699-4816, 03/20, 123)</span>
                <span class="method-start">322 ms</span>
              </div> <!-- test-method -->
              <div class="test-method">
                <span class="method-name">exp(MasterCard, 5584-3989-2997-3080, 09/19, 123)</span>
                <span class="method-start">327 ms</span>
              </div> <!-- test-method -->
              <div class="test-method">
                <span class="method-name">exp(Discover, 6011-2091-3029-8913, 02/20, 123)</span>
                <span class="method-start">332 ms</span>
              </div> <!-- test-method -->
              <div class="test-method">
                <span class="method-name">exp(American Express, 344851787871137, 04/20, 1234)</span>
                <span class="method-start">338 ms</span>
              </div> <!-- test-method -->
              <div class="test-method">
                <img src="failed.png">
                </img>
                <span class="method-name">exp(VISA, 4532-5471-0699-4816, 03/18, 1234)</span>
                <span class="method-start">344 ms</span>
              </div> <!-- test-method -->
              <div class="test-method">
                <img src="failed.png">
                </img>
                <span class="method-name">exp(MasterCard, 5584-3989-2997-3080, 09/18, 1234)</span>
                <span class="method-start">350 ms</span>
              </div> <!-- test-method -->
              <div class="test-method">
                <img src="failed.png">
                </img>
                <span class="method-name">exp(Discover, 6011-2091-3029-8913, 02/18, 1234)</span>
                <span class="method-start">361 ms</span>
              </div> <!-- test-method -->
              <div class="test-method">
                <img src="failed.png">
                </img>
                <span class="method-name">exp(American Express, 344851787871137, 04/18, 123)</span>
                <span class="method-start">367 ms</span>
              </div> <!-- test-method -->
              <div class="test-method">
                <img src="failed.png">
                </img>
                <span class="method-name">exp(American Express, 344851787871138, 04/18, 123)</span>
                <span class="method-start">373 ms</span>
              </div> <!-- test-method -->
              <div class="test-method">
                <img src="failed.png">
                </img>
                <span class="method-name">exp(American Expresss, 344851787871138, 04/18, 123)</span>
                <span class="method-start">379 ms</span>
              </div> <!-- test-method -->
              <div class="test-method">
                <span class="method-name">luhn(VISA, 4532-5471-0699-4816, 03/20, 123)</span>
                <span class="method-start">385 ms</span>
              </div> <!-- test-method -->
              <div class="test-method">
                <span class="method-name">luhn(MasterCard, 5584-3989-2997-3080, 09/19, 123)</span>
                <span class="method-start">390 ms</span>
              </div> <!-- test-method -->
              <div class="test-method">
                <span class="method-name">luhn(Discover, 6011-2091-3029-8913, 02/20, 123)</span>
                <span class="method-start">395 ms</span>
              </div> <!-- test-method -->
              <div class="test-method">
                <span class="method-name">luhn(American Express, 344851787871137, 04/20, 1234)</span>
                <span class="method-start">399 ms</span>
              </div> <!-- test-method -->
              <div class="test-method">
                <span class="method-name">luhn(VISA, 4532-5471-0699-4816, 03/18, 1234)</span>
                <span class="method-start">403 ms</span>
              </div> <!-- test-method -->
              <div class="test-method">
                <span class="method-name">luhn(MasterCard, 5584-3989-2997-3080, 09/18, 1234)</span>
                <span class="method-start">407 ms</span>
              </div> <!-- test-method -->
              <div class="test-method">
                <span class="method-name">luhn(Discover, 6011-2091-3029-8913, 02/18, 1234)</span>
                <span class="method-start">411 ms</span>
              </div> <!-- test-method -->
              <div class="test-method">
                <span class="method-name">luhn(American Express, 344851787871137, 04/18, 123)</span>
                <span class="method-start">415 ms</span>
              </div> <!-- test-method -->
              <div class="test-method">
                <img src="failed.png">
                </img>
                <span class="method-name">luhn(American Express, 344851787871138, 04/18, 123)</span>
                <span class="method-start">419 ms</span>
              </div> <!-- test-method -->
              <div class="test-method">
                <img src="failed.png">
                </img>
                <span class="method-name">luhn(American Expresss, 344851787871138, 04/18, 123)</span>
                <span class="method-start">424 ms</span>
              </div> <!-- test-method -->
              <div class="test-method">
                <span class="method-name">type(VISA, 4532-5471-0699-4816, 03/20, 123)</span>
                <span class="method-start">429 ms</span>
              </div> <!-- test-method -->
              <div class="test-method">
                <span class="method-name">type(MasterCard, 5584-3989-2997-3080, 09/19, 123)</span>
                <span class="method-start">433 ms</span>
              </div> <!-- test-method -->
              <div class="test-method">
                <span class="method-name">type(Discover, 6011-2091-3029-8913, 02/20, 123)</span>
                <span class="method-start">437 ms</span>
              </div> <!-- test-method -->
              <div class="test-method">
                <span class="method-name">type(American Express, 344851787871137, 04/20, 1234)</span>
                <span class="method-start">441 ms</span>
              </div> <!-- test-method -->
              <div class="test-method">
                <span class="method-name">type(VISA, 4532-5471-0699-4816, 03/18, 1234)</span>
                <span class="method-start">445 ms</span>
              </div> <!-- test-method -->
              <div class="test-method">
                <span class="method-name">type(MasterCard, 5584-3989-2997-3080, 09/18, 1234)</span>
                <span class="method-start">449 ms</span>
              </div> <!-- test-method -->
              <div class="test-method">
                <span class="method-name">type(Discover, 6011-2091-3029-8913, 02/18, 1234)</span>
                <span class="method-start">452 ms</span>
              </div> <!-- test-method -->
              <div class="test-method">
                <span class="method-name">type(American Express, 344851787871137, 04/18, 123)</span>
                <span class="method-start">457 ms</span>
              </div> <!-- test-method -->
              <div class="test-method">
                <span class="method-name">type(American Express, 344851787871138, 04/18, 123)</span>
                <span class="method-start">460 ms</span>
              </div> <!-- test-method -->
              <div class="test-method">
                <img src="failed.png">
                </img>
                <span class="method-name">type(American Expresss, 344851787871138, 04/18, 123)</span>
                <span class="method-start">464 ms</span>
              </div> <!-- test-method -->
          </div> <!-- main-panel-content rounded-window-bottom -->
        </div> <!-- panel -->
      </div> <!-- main-panel-root -->
    </div> <!-- wrapper -->
  </body>
</html>
