<?xml version="1.0" encoding="UTF-8"?>
<testng-results skipped="0" failed="14" ignored="0" total="40" passed="26">
  <reporter-output>
  </reporter-output>
  <suite name="Default suite" duration-ms="606" started-at="2019-07-06T08:51:18Z" finished-at="2019-07-06T08:51:19Z">
    <groups>
      <group name="cvv">
        <method signature="CreditCardValidationTest.cvv(java.lang.String, java.lang.String, java.lang.String, java.lang.String)[pri:0, instance:core.CreditCardValidationTest@36bef8fb]" name="cvv" class="core.CreditCardValidationTest"/>
      </group> <!-- cvv -->
      <group name="exp">
        <method signature="CreditCardValidationTest.exp(java.lang.String, java.lang.String, java.lang.String, java.lang.String)[pri:0, instance:core.CreditCardValidationTest@36bef8fb]" name="exp" class="core.CreditCardValidationTest"/>
      </group> <!-- exp -->
      <group name="type">
        <method signature="CreditCardValidationTest.type(java.lang.String, java.lang.String, java.lang.String, java.lang.String)[pri:0, instance:core.CreditCardValidationTest@36bef8fb]" name="type" class="core.CreditCardValidationTest"/>
      </group> <!-- type -->
      <group name="luhn">
        <method signature="CreditCardValidationTest.luhn(java.lang.String, java.lang.String, java.lang.String, java.lang.String)[pri:0, instance:core.CreditCardValidationTest@36bef8fb]" name="luhn" class="core.CreditCardValidationTest"/>
      </group> <!-- luhn -->
    </groups>
    <test name="Default test" duration-ms="606" started-at="2019-07-06T08:51:18Z" finished-at="2019-07-06T08:51:19Z">
      <class name="core.CreditCardValidationTest">
        <test-method status="PASS" signature="cvv(java.lang.String, java.lang.String, java.lang.String, java.lang.String)[pri:0, instance:core.CreditCardValidationTest@36bef8fb]" name="cvv" duration-ms="100" started-at="2019-07-06T08:51:18Z" data-provider="dp" finished-at="2019-07-06T08:51:19Z">
          <params>
            <param index="0">
              <value>
                <![CDATA[VISA]]>
              </value>
            </param>
            <param index="1">
              <value>
                <![CDATA[4532-5471-0699-4816]]>
              </value>
            </param>
            <param index="2">
              <value>
                <![CDATA[03/20]]>
              </value>
            </param>
            <param index="3">
              <value>
                <![CDATA[123]]>
              </value>
            </param>
          </params>
          <reporter-output>
          </reporter-output>
        </test-method> <!-- cvv -->
        <test-method status="PASS" signature="cvv(java.lang.String, java.lang.String, java.lang.String, java.lang.String)[pri:0, instance:core.CreditCardValidationTest@36bef8fb]" name="cvv" duration-ms="3" started-at="2019-07-06T08:51:19Z" data-provider="dp" finished-at="2019-07-06T08:51:19Z">
          <params>
            <param index="0">
              <value>
                <![CDATA[MasterCard]]>
              </value>
            </param>
            <param index="1">
              <value>
                <![CDATA[5584-3989-2997-3080]]>
              </value>
            </param>
            <param index="2">
              <value>
                <![CDATA[09/19]]>
              </value>
            </param>
            <param index="3">
              <value>
                <![CDATA[123]]>
              </value>
            </param>
          </params>
          <reporter-output>
          </reporter-output>
        </test-method> <!-- cvv -->
        <test-method status="PASS" signature="cvv(java.lang.String, java.lang.String, java.lang.String, java.lang.String)[pri:0, instance:core.CreditCardValidationTest@36bef8fb]" name="cvv" duration-ms="2" started-at="2019-07-06T08:51:19Z" data-provider="dp" finished-at="2019-07-06T08:51:19Z">
          <params>
            <param index="0">
              <value>
                <![CDATA[Discover]]>
              </value>
            </param>
            <param index="1">
              <value>
                <![CDATA[6011-2091-3029-8913]]>
              </value>
            </param>
            <param index="2">
              <value>
                <![CDATA[02/20]]>
              </value>
            </param>
            <param index="3">
              <value>
                <![CDATA[123]]>
              </value>
            </param>
          </params>
          <reporter-output>
          </reporter-output>
        </test-method> <!-- cvv -->
        <test-method status="PASS" signature="cvv(java.lang.String, java.lang.String, java.lang.String, java.lang.String)[pri:0, instance:core.CreditCardValidationTest@36bef8fb]" name="cvv" duration-ms="3" started-at="2019-07-06T08:51:19Z" data-provider="dp" finished-at="2019-07-06T08:51:19Z">
          <params>
            <param index="0">
              <value>
                <![CDATA[American Express]]>
              </value>
            </param>
            <param index="1">
              <value>
                <![CDATA[344851787871137]]>
              </value>
            </param>
            <param index="2">
              <value>
                <![CDATA[04/20]]>
              </value>
            </param>
            <param index="3">
              <value>
                <![CDATA[1234]]>
              </value>
            </param>
          </params>
          <reporter-output>
          </reporter-output>
        </test-method> <!-- cvv -->
        <test-method status="FAIL" signature="cvv(java.lang.String, java.lang.String, java.lang.String, java.lang.String)[pri:0, instance:core.CreditCardValidationTest@36bef8fb]" name="cvv" duration-ms="6" started-at="2019-07-06T08:51:19Z" data-provider="dp" finished-at="2019-07-06T08:51:19Z">
          <params>
            <param index="0">
              <value>
                <![CDATA[VISA]]>
              </value>
            </param>
            <param index="1">
              <value>
                <![CDATA[4532-5471-0699-4816]]>
              </value>
            </param>
            <param index="2">
              <value>
                <![CDATA[03/18]]>
              </value>
            </param>
            <param index="3">
              <value>
                <![CDATA[1234]]>
              </value>
            </param>
          </params>
          <exception class="java.lang.AssertionError">
            <message>
              <![CDATA[
Expected: Credit Card CVV: 1234, should be valid
     but: was <false>]]>
            </message>
            <full-stacktrace>
              <![CDATA[java.lang.AssertionError: 
Expected: Credit Card CVV: 1234, should be valid
     but: was <false>
at org.hamcrest.MatcherAssert.assertThat(MatcherAssert.java:18)
at org.hamcrest.MatcherAssert.assertThat(MatcherAssert.java:6)
at core.CreditCardValidationTest.cvv(CreditCardValidationTest.java:37)
at sun.reflect.NativeMethodAccessorImpl.invoke0(Native Method)
at sun.reflect.NativeMethodAccessorImpl.invoke(NativeMethodAccessorImpl.java:62)
at sun.reflect.DelegatingMethodAccessorImpl.invoke(DelegatingMethodAccessorImpl.java:43)
at java.lang.reflect.Method.invoke(Method.java:498)
at org.testng.internal.MethodInvocationHelper.invokeMethod(MethodInvocationHelper.java:124)
at org.testng.internal.Invoker.invokeMethod(Invoker.java:583)
at org.testng.internal.Invoker.invokeTestMethod(Invoker.java:719)
at org.testng.internal.Invoker.invokeTestMethods(Invoker.java:989)
at org.testng.internal.TestMethodWorker.invokeTestMethods(TestMethodWorker.java:125)
at org.testng.internal.TestMethodWorker.run(TestMethodWorker.java:109)
at org.testng.TestRunner.privateRun(TestRunner.java:648)
at org.testng.TestRunner.run(TestRunner.java:505)
at org.testng.SuiteRunner.runTest(SuiteRunner.java:455)
at org.testng.SuiteRunner.runSequentially(SuiteRunner.java:450)
at org.testng.SuiteRunner.privateRun(SuiteRunner.java:415)
at org.testng.SuiteRunner.run(SuiteRunner.java:364)
at org.testng.SuiteRunnerWorker.runSuite(SuiteRunnerWorker.java:52)
at org.testng.SuiteRunnerWorker.run(SuiteRunnerWorker.java:84)
at org.testng.TestNG.runSuitesSequentially(TestNG.java:1208)
at org.testng.TestNG.runSuitesLocally(TestNG.java:1137)
at org.testng.TestNG.runSuites(TestNG.java:1049)
at org.testng.TestNG.run(TestNG.java:1017)
at org.testng.remote.AbstractRemoteTestNG.run(AbstractRemoteTestNG.java:115)
at org.testng.remote.RemoteTestNG.initAndRun(RemoteTestNG.java:251)
at org.testng.remote.RemoteTestNG.main(RemoteTestNG.java:77)
]]>
            </full-stacktrace>
          </exception> <!-- java.lang.AssertionError -->
          <reporter-output>
          </reporter-output>
        </test-method> <!-- cvv -->
        <test-method status="FAIL" signature="cvv(java.lang.String, java.lang.String, java.lang.String, java.lang.String)[pri:0, instance:core.CreditCardValidationTest@36bef8fb]" name="cvv" duration-ms="3" started-at="2019-07-06T08:51:19Z" data-provider="dp" finished-at="2019-07-06T08:51:19Z">
          <params>
            <param index="0">
              <value>
                <![CDATA[MasterCard]]>
              </value>
            </param>
            <param index="1">
              <value>
                <![CDATA[5584-3989-2997-3080]]>
              </value>
            </param>
            <param index="2">
              <value>
                <![CDATA[09/18]]>
              </value>
            </param>
            <param index="3">
              <value>
                <![CDATA[1234]]>
              </value>
            </param>
          </params>
          <exception class="java.lang.AssertionError">
            <message>
              <![CDATA[
Expected: Credit Card CVV: 1234, should be valid
     but: was <false>]]>
            </message>
            <full-stacktrace>
              <![CDATA[java.lang.AssertionError: 
Expected: Credit Card CVV: 1234, should be valid
     but: was <false>
at org.hamcrest.MatcherAssert.assertThat(MatcherAssert.java:18)
at org.hamcrest.MatcherAssert.assertThat(MatcherAssert.java:6)
at core.CreditCardValidationTest.cvv(CreditCardValidationTest.java:37)
at sun.reflect.NativeMethodAccessorImpl.invoke0(Native Method)
at sun.reflect.NativeMethodAccessorImpl.invoke(NativeMethodAccessorImpl.java:62)
at sun.reflect.DelegatingMethodAccessorImpl.invoke(DelegatingMethodAccessorImpl.java:43)
at java.lang.reflect.Method.invoke(Method.java:498)
at org.testng.internal.MethodInvocationHelper.invokeMethod(MethodInvocationHelper.java:124)
at org.testng.internal.Invoker.invokeMethod(Invoker.java:583)
at org.testng.internal.Invoker.invokeTestMethod(Invoker.java:719)
at org.testng.internal.Invoker.invokeTestMethods(Invoker.java:989)
at org.testng.internal.TestMethodWorker.invokeTestMethods(TestMethodWorker.java:125)
at org.testng.internal.TestMethodWorker.run(TestMethodWorker.java:109)
at org.testng.TestRunner.privateRun(TestRunner.java:648)
at org.testng.TestRunner.run(TestRunner.java:505)
at org.testng.SuiteRunner.runTest(SuiteRunner.java:455)
at org.testng.SuiteRunner.runSequentially(SuiteRunner.java:450)
at org.testng.SuiteRunner.privateRun(SuiteRunner.java:415)
at org.testng.SuiteRunner.run(SuiteRunner.java:364)
at org.testng.SuiteRunnerWorker.runSuite(SuiteRunnerWorker.java:52)
at org.testng.SuiteRunnerWorker.run(SuiteRunnerWorker.java:84)
at org.testng.TestNG.runSuitesSequentially(TestNG.java:1208)
at org.testng.TestNG.runSuitesLocally(TestNG.java:1137)
at org.testng.TestNG.runSuites(TestNG.java:1049)
at org.testng.TestNG.run(TestNG.java:1017)
at org.testng.remote.AbstractRemoteTestNG.run(AbstractRemoteTestNG.java:115)
at org.testng.remote.RemoteTestNG.initAndRun(RemoteTestNG.java:251)
at org.testng.remote.RemoteTestNG.main(RemoteTestNG.java:77)
]]>
            </full-stacktrace>
          </exception> <!-- java.lang.AssertionError -->
          <reporter-output>
          </reporter-output>
        </test-method> <!-- cvv -->
        <test-method status="FAIL" signature="cvv(java.lang.String, java.lang.String, java.lang.String, java.lang.String)[pri:0, instance:core.CreditCardValidationTest@36bef8fb]" name="cvv" duration-ms="3" started-at="2019-07-06T08:51:19Z" data-provider="dp" finished-at="2019-07-06T08:51:19Z">
          <params>
            <param index="0">
              <value>
                <![CDATA[Discover]]>
              </value>
            </param>
            <param index="1">
              <value>
                <![CDATA[6011-2091-3029-8913]]>
              </value>
            </param>
            <param index="2">
              <value>
                <![CDATA[02/18]]>
              </value>
            </param>
            <param index="3">
              <value>
                <![CDATA[1234]]>
              </value>
            </param>
          </params>
          <exception class="java.lang.AssertionError">
            <message>
              <![CDATA[
Expected: Credit Card CVV: 1234, should be valid
     but: was <false>]]>
            </message>
            <full-stacktrace>
              <![CDATA[java.lang.AssertionError: 
Expected: Credit Card CVV: 1234, should be valid
     but: was <false>
at org.hamcrest.MatcherAssert.assertThat(MatcherAssert.java:18)
at org.hamcrest.MatcherAssert.assertThat(MatcherAssert.java:6)
at core.CreditCardValidationTest.cvv(CreditCardValidationTest.java:37)
at sun.reflect.NativeMethodAccessorImpl.invoke0(Native Method)
at sun.reflect.NativeMethodAccessorImpl.invoke(NativeMethodAccessorImpl.java:62)
at sun.reflect.DelegatingMethodAccessorImpl.invoke(DelegatingMethodAccessorImpl.java:43)
at java.lang.reflect.Method.invoke(Method.java:498)
at org.testng.internal.MethodInvocationHelper.invokeMethod(MethodInvocationHelper.java:124)
at org.testng.internal.Invoker.invokeMethod(Invoker.java:583)
at org.testng.internal.Invoker.invokeTestMethod(Invoker.java:719)
at org.testng.internal.Invoker.invokeTestMethods(Invoker.java:989)
at org.testng.internal.TestMethodWorker.invokeTestMethods(TestMethodWorker.java:125)
at org.testng.internal.TestMethodWorker.run(TestMethodWorker.java:109)
at org.testng.TestRunner.privateRun(TestRunner.java:648)
at org.testng.TestRunner.run(TestRunner.java:505)
at org.testng.SuiteRunner.runTest(SuiteRunner.java:455)
at org.testng.SuiteRunner.runSequentially(SuiteRunner.java:450)
at org.testng.SuiteRunner.privateRun(SuiteRunner.java:415)
at org.testng.SuiteRunner.run(SuiteRunner.java:364)
at org.testng.SuiteRunnerWorker.runSuite(SuiteRunnerWorker.java:52)
at org.testng.SuiteRunnerWorker.run(SuiteRunnerWorker.java:84)
at org.testng.TestNG.runSuitesSequentially(TestNG.java:1208)
at org.testng.TestNG.runSuitesLocally(TestNG.java:1137)
at org.testng.TestNG.runSuites(TestNG.java:1049)
at org.testng.TestNG.run(TestNG.java:1017)
at org.testng.remote.AbstractRemoteTestNG.run(AbstractRemoteTestNG.java:115)
at org.testng.remote.RemoteTestNG.initAndRun(RemoteTestNG.java:251)
at org.testng.remote.RemoteTestNG.main(RemoteTestNG.java:77)
]]>
            </full-stacktrace>
          </exception> <!-- java.lang.AssertionError -->
          <reporter-output>
          </reporter-output>
        </test-method> <!-- cvv -->
        <test-method status="FAIL" signature="cvv(java.lang.String, java.lang.String, java.lang.String, java.lang.String)[pri:0, instance:core.CreditCardValidationTest@36bef8fb]" name="cvv" duration-ms="3" started-at="2019-07-06T08:51:19Z" data-provider="dp" finished-at="2019-07-06T08:51:19Z">
          <params>
            <param index="0">
              <value>
                <![CDATA[American Express]]>
              </value>
            </param>
            <param index="1">
              <value>
                <![CDATA[344851787871137]]>
              </value>
            </param>
            <param index="2">
              <value>
                <![CDATA[04/18]]>
              </value>
            </param>
            <param index="3">
              <value>
                <![CDATA[123]]>
              </value>
            </param>
          </params>
          <exception class="java.lang.AssertionError">
            <message>
              <![CDATA[
Expected: Credit Card CVV: 123, should be valid
     but: was <false>]]>
            </message>
            <full-stacktrace>
              <![CDATA[java.lang.AssertionError: 
Expected: Credit Card CVV: 123, should be valid
     but: was <false>
at org.hamcrest.MatcherAssert.assertThat(MatcherAssert.java:18)
at org.hamcrest.MatcherAssert.assertThat(MatcherAssert.java:6)
at core.CreditCardValidationTest.cvv(CreditCardValidationTest.java:37)
at sun.reflect.NativeMethodAccessorImpl.invoke0(Native Method)
at sun.reflect.NativeMethodAccessorImpl.invoke(NativeMethodAccessorImpl.java:62)
at sun.reflect.DelegatingMethodAccessorImpl.invoke(DelegatingMethodAccessorImpl.java:43)
at java.lang.reflect.Method.invoke(Method.java:498)
at org.testng.internal.MethodInvocationHelper.invokeMethod(MethodInvocationHelper.java:124)
at org.testng.internal.Invoker.invokeMethod(Invoker.java:583)
at org.testng.internal.Invoker.invokeTestMethod(Invoker.java:719)
at org.testng.internal.Invoker.invokeTestMethods(Invoker.java:989)
at org.testng.internal.TestMethodWorker.invokeTestMethods(TestMethodWorker.java:125)
at org.testng.internal.TestMethodWorker.run(TestMethodWorker.java:109)
at org.testng.TestRunner.privateRun(TestRunner.java:648)
at org.testng.TestRunner.run(TestRunner.java:505)
at org.testng.SuiteRunner.runTest(SuiteRunner.java:455)
at org.testng.SuiteRunner.runSequentially(SuiteRunner.java:450)
at org.testng.SuiteRunner.privateRun(SuiteRunner.java:415)
at org.testng.SuiteRunner.run(SuiteRunner.java:364)
at org.testng.SuiteRunnerWorker.runSuite(SuiteRunnerWorker.java:52)
at org.testng.SuiteRunnerWorker.run(SuiteRunnerWorker.java:84)
at org.testng.TestNG.runSuitesSequentially(TestNG.java:1208)
at org.testng.TestNG.runSuitesLocally(TestNG.java:1137)
at org.testng.TestNG.runSuites(TestNG.java:1049)
at org.testng.TestNG.run(TestNG.java:1017)
at org.testng.remote.AbstractRemoteTestNG.run(AbstractRemoteTestNG.java:115)
at org.testng.remote.RemoteTestNG.initAndRun(RemoteTestNG.java:251)
at org.testng.remote.RemoteTestNG.main(RemoteTestNG.java:77)
]]>
            </full-stacktrace>
          </exception> <!-- java.lang.AssertionError -->
          <reporter-output>
          </reporter-output>
        </test-method> <!-- cvv -->
        <test-method status="FAIL" signature="cvv(java.lang.String, java.lang.String, java.lang.String, java.lang.String)[pri:0, instance:core.CreditCardValidationTest@36bef8fb]" name="cvv" duration-ms="3" started-at="2019-07-06T08:51:19Z" data-provider="dp" finished-at="2019-07-06T08:51:19Z">
          <params>
            <param index="0">
              <value>
                <![CDATA[American Express]]>
              </value>
            </param>
            <param index="1">
              <value>
                <![CDATA[344851787871138]]>
              </value>
            </param>
            <param index="2">
              <value>
                <![CDATA[04/18]]>
              </value>
            </param>
            <param index="3">
              <value>
                <![CDATA[123]]>
              </value>
            </param>
          </params>
          <exception class="java.lang.AssertionError">
            <message>
              <![CDATA[
Expected: Credit Card CVV: 123, should be valid
     but: was <false>]]>
            </message>
            <full-stacktrace>
              <![CDATA[java.lang.AssertionError: 
Expected: Credit Card CVV: 123, should be valid
     but: was <false>
at org.hamcrest.MatcherAssert.assertThat(MatcherAssert.java:18)
at org.hamcrest.MatcherAssert.assertThat(MatcherAssert.java:6)
at core.CreditCardValidationTest.cvv(CreditCardValidationTest.java:37)
at sun.reflect.NativeMethodAccessorImpl.invoke0(Native Method)
at sun.reflect.NativeMethodAccessorImpl.invoke(NativeMethodAccessorImpl.java:62)
at sun.reflect.DelegatingMethodAccessorImpl.invoke(DelegatingMethodAccessorImpl.java:43)
at java.lang.reflect.Method.invoke(Method.java:498)
at org.testng.internal.MethodInvocationHelper.invokeMethod(MethodInvocationHelper.java:124)
at org.testng.internal.Invoker.invokeMethod(Invoker.java:583)
at org.testng.internal.Invoker.invokeTestMethod(Invoker.java:719)
at org.testng.internal.Invoker.invokeTestMethods(Invoker.java:989)
at org.testng.internal.TestMethodWorker.invokeTestMethods(TestMethodWorker.java:125)
at org.testng.internal.TestMethodWorker.run(TestMethodWorker.java:109)
at org.testng.TestRunner.privateRun(TestRunner.java:648)
at org.testng.TestRunner.run(TestRunner.java:505)
at org.testng.SuiteRunner.runTest(SuiteRunner.java:455)
at org.testng.SuiteRunner.runSequentially(SuiteRunner.java:450)
at org.testng.SuiteRunner.privateRun(SuiteRunner.java:415)
at org.testng.SuiteRunner.run(SuiteRunner.java:364)
at org.testng.SuiteRunnerWorker.runSuite(SuiteRunnerWorker.java:52)
at org.testng.SuiteRunnerWorker.run(SuiteRunnerWorker.java:84)
at org.testng.TestNG.runSuitesSequentially(TestNG.java:1208)
at org.testng.TestNG.runSuitesLocally(TestNG.java:1137)
at org.testng.TestNG.runSuites(TestNG.java:1049)
at org.testng.TestNG.run(TestNG.java:1017)
at org.testng.remote.AbstractRemoteTestNG.run(AbstractRemoteTestNG.java:115)
at org.testng.remote.RemoteTestNG.initAndRun(RemoteTestNG.java:251)
at org.testng.remote.RemoteTestNG.main(RemoteTestNG.java:77)
]]>
            </full-stacktrace>
          </exception> <!-- java.lang.AssertionError -->
          <reporter-output>
          </reporter-output>
        </test-method> <!-- cvv -->
        <test-method status="PASS" signature="cvv(java.lang.String, java.lang.String, java.lang.String, java.lang.String)[pri:0, instance:core.CreditCardValidationTest@36bef8fb]" name="cvv" duration-ms="2" started-at="2019-07-06T08:51:19Z" data-provider="dp" finished-at="2019-07-06T08:51:19Z">
          <params>
            <param index="0">
              <value>
                <![CDATA[American Expresss]]>
              </value>
            </param>
            <param index="1">
              <value>
                <![CDATA[344851787871138]]>
              </value>
            </param>
            <param index="2">
              <value>
                <![CDATA[04/18]]>
              </value>
            </param>
            <param index="3">
              <value>
                <![CDATA[123]]>
              </value>
            </param>
          </params>
          <reporter-output>
          </reporter-output>
        </test-method> <!-- cvv -->
        <test-method status="PASS" signature="exp(java.lang.String, java.lang.String, java.lang.String, java.lang.String)[pri:0, instance:core.CreditCardValidationTest@36bef8fb]" name="exp" duration-ms="3" started-at="2019-07-06T08:51:19Z" data-provider="dp" finished-at="2019-07-06T08:51:19Z">
          <params>
            <param index="0">
              <value>
                <![CDATA[VISA]]>
              </value>
            </param>
            <param index="1">
              <value>
                <![CDATA[4532-5471-0699-4816]]>
              </value>
            </param>
            <param index="2">
              <value>
                <![CDATA[03/20]]>
              </value>
            </param>
            <param index="3">
              <value>
                <![CDATA[123]]>
              </value>
            </param>
          </params>
          <reporter-output>
          </reporter-output>
        </test-method> <!-- exp -->
        <test-method status="PASS" signature="exp(java.lang.String, java.lang.String, java.lang.String, java.lang.String)[pri:0, instance:core.CreditCardValidationTest@36bef8fb]" name="exp" duration-ms="3" started-at="2019-07-06T08:51:19Z" data-provider="dp" finished-at="2019-07-06T08:51:19Z">
          <params>
            <param index="0">
              <value>
                <![CDATA[MasterCard]]>
              </value>
            </param>
            <param index="1">
              <value>
                <![CDATA[5584-3989-2997-3080]]>
              </value>
            </param>
            <param index="2">
              <value>
                <![CDATA[09/19]]>
              </value>
            </param>
            <param index="3">
              <value>
                <![CDATA[123]]>
              </value>
            </param>
          </params>
          <reporter-output>
          </reporter-output>
        </test-method> <!-- exp -->
        <test-method status="PASS" signature="exp(java.lang.String, java.lang.String, java.lang.String, java.lang.String)[pri:0, instance:core.CreditCardValidationTest@36bef8fb]" name="exp" duration-ms="2" started-at="2019-07-06T08:51:19Z" data-provider="dp" finished-at="2019-07-06T08:51:19Z">
          <params>
            <param index="0">
              <value>
                <![CDATA[Discover]]>
              </value>
            </param>
            <param index="1">
              <value>
                <![CDATA[6011-2091-3029-8913]]>
              </value>
            </param>
            <param index="2">
              <value>
                <![CDATA[02/20]]>
              </value>
            </param>
            <param index="3">
              <value>
                <![CDATA[123]]>
              </value>
            </param>
          </params>
          <reporter-output>
          </reporter-output>
        </test-method> <!-- exp -->
        <test-method status="PASS" signature="exp(java.lang.String, java.lang.String, java.lang.String, java.lang.String)[pri:0, instance:core.CreditCardValidationTest@36bef8fb]" name="exp" duration-ms="3" started-at="2019-07-06T08:51:19Z" data-provider="dp" finished-at="2019-07-06T08:51:19Z">
          <params>
            <param index="0">
              <value>
                <![CDATA[American Express]]>
              </value>
            </param>
            <param index="1">
              <value>
                <![CDATA[344851787871137]]>
              </value>
            </param>
            <param index="2">
              <value>
                <![CDATA[04/20]]>
              </value>
            </param>
            <param index="3">
              <value>
                <![CDATA[1234]]>
              </value>
            </param>
          </params>
          <reporter-output>
          </reporter-output>
        </test-method> <!-- exp -->
        <test-method status="FAIL" signature="exp(java.lang.String, java.lang.String, java.lang.String, java.lang.String)[pri:0, instance:core.CreditCardValidationTest@36bef8fb]" name="exp" duration-ms="2" started-at="2019-07-06T08:51:19Z" data-provider="dp" finished-at="2019-07-06T08:51:19Z">
          <params>
            <param index="0">
              <value>
                <![CDATA[VISA]]>
              </value>
            </param>
            <param index="1">
              <value>
                <![CDATA[4532-5471-0699-4816]]>
              </value>
            </param>
            <param index="2">
              <value>
                <![CDATA[03/18]]>
              </value>
            </param>
            <param index="3">
              <value>
                <![CDATA[1234]]>
              </value>
            </param>
          </params>
          <exception class="java.lang.AssertionError">
            <message>
              <![CDATA[
Expected: Credit Card Exp: 03/18, should be not expired
     but: was <false>]]>
            </message>
            <full-stacktrace>
              <![CDATA[java.lang.AssertionError: 
Expected: Credit Card Exp: 03/18, should be not expired
     but: was <false>
at org.hamcrest.MatcherAssert.assertThat(MatcherAssert.java:18)
at org.hamcrest.MatcherAssert.assertThat(MatcherAssert.java:6)
at core.CreditCardValidationTest.exp(CreditCardValidationTest.java:32)
at sun.reflect.NativeMethodAccessorImpl.invoke0(Native Method)
at sun.reflect.NativeMethodAccessorImpl.invoke(NativeMethodAccessorImpl.java:62)
at sun.reflect.DelegatingMethodAccessorImpl.invoke(DelegatingMethodAccessorImpl.java:43)
at java.lang.reflect.Method.invoke(Method.java:498)
at org.testng.internal.MethodInvocationHelper.invokeMethod(MethodInvocationHelper.java:124)
at org.testng.internal.Invoker.invokeMethod(Invoker.java:583)
at org.testng.internal.Invoker.invokeTestMethod(Invoker.java:719)
at org.testng.internal.Invoker.invokeTestMethods(Invoker.java:989)
at org.testng.internal.TestMethodWorker.invokeTestMethods(TestMethodWorker.java:125)
at org.testng.internal.TestMethodWorker.run(TestMethodWorker.java:109)
at org.testng.TestRunner.privateRun(TestRunner.java:648)
at org.testng.TestRunner.run(TestRunner.java:505)
at org.testng.SuiteRunner.runTest(SuiteRunner.java:455)
at org.testng.SuiteRunner.runSequentially(SuiteRunner.java:450)
at org.testng.SuiteRunner.privateRun(SuiteRunner.java:415)
at org.testng.SuiteRunner.run(SuiteRunner.java:364)
at org.testng.SuiteRunnerWorker.runSuite(SuiteRunnerWorker.java:52)
at org.testng.SuiteRunnerWorker.run(SuiteRunnerWorker.java:84)
at org.testng.TestNG.runSuitesSequentially(TestNG.java:1208)
at org.testng.TestNG.runSuitesLocally(TestNG.java:1137)
at org.testng.TestNG.runSuites(TestNG.java:1049)
at org.testng.TestNG.run(TestNG.java:1017)
at org.testng.remote.AbstractRemoteTestNG.run(AbstractRemoteTestNG.java:115)
at org.testng.remote.RemoteTestNG.initAndRun(RemoteTestNG.java:251)
at org.testng.remote.RemoteTestNG.main(RemoteTestNG.java:77)
]]>
            </full-stacktrace>
          </exception> <!-- java.lang.AssertionError -->
          <reporter-output>
          </reporter-output>
        </test-method> <!-- exp -->
        <test-method status="FAIL" signature="exp(java.lang.String, java.lang.String, java.lang.String, java.lang.String)[pri:0, instance:core.CreditCardValidationTest@36bef8fb]" name="exp" duration-ms="2" started-at="2019-07-06T08:51:19Z" data-provider="dp" finished-at="2019-07-06T08:51:19Z">
          <params>
            <param index="0">
              <value>
                <![CDATA[MasterCard]]>
              </value>
            </param>
            <param index="1">
              <value>
                <![CDATA[5584-3989-2997-3080]]>
              </value>
            </param>
            <param index="2">
              <value>
                <![CDATA[09/18]]>
              </value>
            </param>
            <param index="3">
              <value>
                <![CDATA[1234]]>
              </value>
            </param>
          </params>
          <exception class="java.lang.AssertionError">
            <message>
              <![CDATA[
Expected: Credit Card Exp: 09/18, should be not expired
     but: was <false>]]>
            </message>
            <full-stacktrace>
              <![CDATA[java.lang.AssertionError: 
Expected: Credit Card Exp: 09/18, should be not expired
     but: was <false>
at org.hamcrest.MatcherAssert.assertThat(MatcherAssert.java:18)
at org.hamcrest.MatcherAssert.assertThat(MatcherAssert.java:6)
at core.CreditCardValidationTest.exp(CreditCardValidationTest.java:32)
at sun.reflect.NativeMethodAccessorImpl.invoke0(Native Method)
at sun.reflect.NativeMethodAccessorImpl.invoke(NativeMethodAccessorImpl.java:62)
at sun.reflect.DelegatingMethodAccessorImpl.invoke(DelegatingMethodAccessorImpl.java:43)
at java.lang.reflect.Method.invoke(Method.java:498)
at org.testng.internal.MethodInvocationHelper.invokeMethod(MethodInvocationHelper.java:124)
at org.testng.internal.Invoker.invokeMethod(Invoker.java:583)
at org.testng.internal.Invoker.invokeTestMethod(Invoker.java:719)
at org.testng.internal.Invoker.invokeTestMethods(Invoker.java:989)
at org.testng.internal.TestMethodWorker.invokeTestMethods(TestMethodWorker.java:125)
at org.testng.internal.TestMethodWorker.run(TestMethodWorker.java:109)
at org.testng.TestRunner.privateRun(TestRunner.java:648)
at org.testng.TestRunner.run(TestRunner.java:505)
at org.testng.SuiteRunner.runTest(SuiteRunner.java:455)
at org.testng.SuiteRunner.runSequentially(SuiteRunner.java:450)
at org.testng.SuiteRunner.privateRun(SuiteRunner.java:415)
at org.testng.SuiteRunner.run(SuiteRunner.java:364)
at org.testng.SuiteRunnerWorker.runSuite(SuiteRunnerWorker.java:52)
at org.testng.SuiteRunnerWorker.run(SuiteRunnerWorker.java:84)
at org.testng.TestNG.runSuitesSequentially(TestNG.java:1208)
at org.testng.TestNG.runSuitesLocally(TestNG.java:1137)
at org.testng.TestNG.runSuites(TestNG.java:1049)
at org.testng.TestNG.run(TestNG.java:1017)
at org.testng.remote.AbstractRemoteTestNG.run(AbstractRemoteTestNG.java:115)
at org.testng.remote.RemoteTestNG.initAndRun(RemoteTestNG.java:251)
at org.testng.remote.RemoteTestNG.main(RemoteTestNG.java:77)
]]>
            </full-stacktrace>
          </exception> <!-- java.lang.AssertionError -->
          <reporter-output>
          </reporter-output>
        </test-method> <!-- exp -->
        <test-method status="FAIL" signature="exp(java.lang.String, java.lang.String, java.lang.String, java.lang.String)[pri:0, instance:core.CreditCardValidationTest@36bef8fb]" name="exp" duration-ms="3" started-at="2019-07-06T08:51:19Z" data-provider="dp" finished-at="2019-07-06T08:51:19Z">
          <params>
            <param index="0">
              <value>
                <![CDATA[Discover]]>
              </value>
            </param>
            <param index="1">
              <value>
                <![CDATA[6011-2091-3029-8913]]>
              </value>
            </param>
            <param index="2">
              <value>
                <![CDATA[02/18]]>
              </value>
            </param>
            <param index="3">
              <value>
                <![CDATA[1234]]>
              </value>
            </param>
          </params>
          <exception class="java.lang.AssertionError">
            <message>
              <![CDATA[
Expected: Credit Card Exp: 02/18, should be not expired
     but: was <false>]]>
            </message>
            <full-stacktrace>
              <![CDATA[java.lang.AssertionError: 
Expected: Credit Card Exp: 02/18, should be not expired
     but: was <false>
at org.hamcrest.MatcherAssert.assertThat(MatcherAssert.java:18)
at org.hamcrest.MatcherAssert.assertThat(MatcherAssert.java:6)
at core.CreditCardValidationTest.exp(CreditCardValidationTest.java:32)
at sun.reflect.NativeMethodAccessorImpl.invoke0(Native Method)
at sun.reflect.NativeMethodAccessorImpl.invoke(NativeMethodAccessorImpl.java:62)
at sun.reflect.DelegatingMethodAccessorImpl.invoke(DelegatingMethodAccessorImpl.java:43)
at java.lang.reflect.Method.invoke(Method.java:498)
at org.testng.internal.MethodInvocationHelper.invokeMethod(MethodInvocationHelper.java:124)
at org.testng.internal.Invoker.invokeMethod(Invoker.java:583)
at org.testng.internal.Invoker.invokeTestMethod(Invoker.java:719)
at org.testng.internal.Invoker.invokeTestMethods(Invoker.java:989)
at org.testng.internal.TestMethodWorker.invokeTestMethods(TestMethodWorker.java:125)
at org.testng.internal.TestMethodWorker.run(TestMethodWorker.java:109)
at org.testng.TestRunner.privateRun(TestRunner.java:648)
at org.testng.TestRunner.run(TestRunner.java:505)
at org.testng.SuiteRunner.runTest(SuiteRunner.java:455)
at org.testng.SuiteRunner.runSequentially(SuiteRunner.java:450)
at org.testng.SuiteRunner.privateRun(SuiteRunner.java:415)
at org.testng.SuiteRunner.run(SuiteRunner.java:364)
at org.testng.SuiteRunnerWorker.runSuite(SuiteRunnerWorker.java:52)
at org.testng.SuiteRunnerWorker.run(SuiteRunnerWorker.java:84)
at org.testng.TestNG.runSuitesSequentially(TestNG.java:1208)
at org.testng.TestNG.runSuitesLocally(TestNG.java:1137)
at org.testng.TestNG.runSuites(TestNG.java:1049)
at org.testng.TestNG.run(TestNG.java:1017)
at org.testng.remote.AbstractRemoteTestNG.run(AbstractRemoteTestNG.java:115)
at org.testng.remote.RemoteTestNG.initAndRun(RemoteTestNG.java:251)
at org.testng.remote.RemoteTestNG.main(RemoteTestNG.java:77)
]]>
            </full-stacktrace>
          </exception> <!-- java.lang.AssertionError -->
          <reporter-output>
          </reporter-output>
        </test-method> <!-- exp -->
        <test-method status="FAIL" signature="exp(java.lang.String, java.lang.String, java.lang.String, java.lang.String)[pri:0, instance:core.CreditCardValidationTest@36bef8fb]" name="exp" duration-ms="3" started-at="2019-07-06T08:51:19Z" data-provider="dp" finished-at="2019-07-06T08:51:19Z">
          <params>
            <param index="0">
              <value>
                <![CDATA[American Express]]>
              </value>
            </param>
            <param index="1">
              <value>
                <![CDATA[344851787871137]]>
              </value>
            </param>
            <param index="2">
              <value>
                <![CDATA[04/18]]>
              </value>
            </param>
            <param index="3">
              <value>
                <![CDATA[123]]>
              </value>
            </param>
          </params>
          <exception class="java.lang.AssertionError">
            <message>
              <![CDATA[
Expected: Credit Card Exp: 04/18, should be not expired
     but: was <false>]]>
            </message>
            <full-stacktrace>
              <![CDATA[java.lang.AssertionError: 
Expected: Credit Card Exp: 04/18, should be not expired
     but: was <false>
at org.hamcrest.MatcherAssert.assertThat(MatcherAssert.java:18)
at org.hamcrest.MatcherAssert.assertThat(MatcherAssert.java:6)
at core.CreditCardValidationTest.exp(CreditCardValidationTest.java:32)
at sun.reflect.NativeMethodAccessorImpl.invoke0(Native Method)
at sun.reflect.NativeMethodAccessorImpl.invoke(NativeMethodAccessorImpl.java:62)
at sun.reflect.DelegatingMethodAccessorImpl.invoke(DelegatingMethodAccessorImpl.java:43)
at java.lang.reflect.Method.invoke(Method.java:498)
at org.testng.internal.MethodInvocationHelper.invokeMethod(MethodInvocationHelper.java:124)
at org.testng.internal.Invoker.invokeMethod(Invoker.java:583)
at org.testng.internal.Invoker.invokeTestMethod(Invoker.java:719)
at org.testng.internal.Invoker.invokeTestMethods(Invoker.java:989)
at org.testng.internal.TestMethodWorker.invokeTestMethods(TestMethodWorker.java:125)
at org.testng.internal.TestMethodWorker.run(TestMethodWorker.java:109)
at org.testng.TestRunner.privateRun(TestRunner.java:648)
at org.testng.TestRunner.run(TestRunner.java:505)
at org.testng.SuiteRunner.runTest(SuiteRunner.java:455)
at org.testng.SuiteRunner.runSequentially(SuiteRunner.java:450)
at org.testng.SuiteRunner.privateRun(SuiteRunner.java:415)
at org.testng.SuiteRunner.run(SuiteRunner.java:364)
at org.testng.SuiteRunnerWorker.runSuite(SuiteRunnerWorker.java:52)
at org.testng.SuiteRunnerWorker.run(SuiteRunnerWorker.java:84)
at org.testng.TestNG.runSuitesSequentially(TestNG.java:1208)
at org.testng.TestNG.runSuitesLocally(TestNG.java:1137)
at org.testng.TestNG.runSuites(TestNG.java:1049)
at org.testng.TestNG.run(TestNG.java:1017)
at org.testng.remote.AbstractRemoteTestNG.run(AbstractRemoteTestNG.java:115)
at org.testng.remote.RemoteTestNG.initAndRun(RemoteTestNG.java:251)
at org.testng.remote.RemoteTestNG.main(RemoteTestNG.java:77)
]]>
            </full-stacktrace>
          </exception> <!-- java.lang.AssertionError -->
          <reporter-output>
          </reporter-output>
        </test-method> <!-- exp -->
        <test-method status="FAIL" signature="exp(java.lang.String, java.lang.String, java.lang.String, java.lang.String)[pri:0, instance:core.CreditCardValidationTest@36bef8fb]" name="exp" duration-ms="2" started-at="2019-07-06T08:51:19Z" data-provider="dp" finished-at="2019-07-06T08:51:19Z">
          <params>
            <param index="0">
              <value>
                <![CDATA[American Express]]>
              </value>
            </param>
            <param index="1">
              <value>
                <![CDATA[344851787871138]]>
              </value>
            </param>
            <param index="2">
              <value>
                <![CDATA[04/18]]>
              </value>
            </param>
            <param index="3">
              <value>
                <![CDATA[123]]>
              </value>
            </param>
          </params>
          <exception class="java.lang.AssertionError">
            <message>
              <![CDATA[
Expected: Credit Card Exp: 04/18, should be not expired
     but: was <false>]]>
            </message>
            <full-stacktrace>
              <![CDATA[java.lang.AssertionError: 
Expected: Credit Card Exp: 04/18, should be not expired
     but: was <false>
at org.hamcrest.MatcherAssert.assertThat(MatcherAssert.java:18)
at org.hamcrest.MatcherAssert.assertThat(MatcherAssert.java:6)
at core.CreditCardValidationTest.exp(CreditCardValidationTest.java:32)
at sun.reflect.NativeMethodAccessorImpl.invoke0(Native Method)
at sun.reflect.NativeMethodAccessorImpl.invoke(NativeMethodAccessorImpl.java:62)
at sun.reflect.DelegatingMethodAccessorImpl.invoke(DelegatingMethodAccessorImpl.java:43)
at java.lang.reflect.Method.invoke(Method.java:498)
at org.testng.internal.MethodInvocationHelper.invokeMethod(MethodInvocationHelper.java:124)
at org.testng.internal.Invoker.invokeMethod(Invoker.java:583)
at org.testng.internal.Invoker.invokeTestMethod(Invoker.java:719)
at org.testng.internal.Invoker.invokeTestMethods(Invoker.java:989)
at org.testng.internal.TestMethodWorker.invokeTestMethods(TestMethodWorker.java:125)
at org.testng.internal.TestMethodWorker.run(TestMethodWorker.java:109)
at org.testng.TestRunner.privateRun(TestRunner.java:648)
at org.testng.TestRunner.run(TestRunner.java:505)
at org.testng.SuiteRunner.runTest(SuiteRunner.java:455)
at org.testng.SuiteRunner.runSequentially(SuiteRunner.java:450)
at org.testng.SuiteRunner.privateRun(SuiteRunner.java:415)
at org.testng.SuiteRunner.run(SuiteRunner.java:364)
at org.testng.SuiteRunnerWorker.runSuite(SuiteRunnerWorker.java:52)
at org.testng.SuiteRunnerWorker.run(SuiteRunnerWorker.java:84)
at org.testng.TestNG.runSuitesSequentially(TestNG.java:1208)
at org.testng.TestNG.runSuitesLocally(TestNG.java:1137)
at org.testng.TestNG.runSuites(TestNG.java:1049)
at org.testng.TestNG.run(TestNG.java:1017)
at org.testng.remote.AbstractRemoteTestNG.run(AbstractRemoteTestNG.java:115)
at org.testng.remote.RemoteTestNG.initAndRun(RemoteTestNG.java:251)
at org.testng.remote.RemoteTestNG.main(RemoteTestNG.java:77)
]]>
            </full-stacktrace>
          </exception> <!-- java.lang.AssertionError -->
          <reporter-output>
          </reporter-output>
        </test-method> <!-- exp -->
        <test-method status="FAIL" signature="exp(java.lang.String, java.lang.String, java.lang.String, java.lang.String)[pri:0, instance:core.CreditCardValidationTest@36bef8fb]" name="exp" duration-ms="2" started-at="2019-07-06T08:51:19Z" data-provider="dp" finished-at="2019-07-06T08:51:19Z">
          <params>
            <param index="0">
              <value>
                <![CDATA[American Expresss]]>
              </value>
            </param>
            <param index="1">
              <value>
                <![CDATA[344851787871138]]>
              </value>
            </param>
            <param index="2">
              <value>
                <![CDATA[04/18]]>
              </value>
            </param>
            <param index="3">
              <value>
                <![CDATA[123]]>
              </value>
            </param>
          </params>
          <exception class="java.lang.AssertionError">
            <message>
              <![CDATA[
Expected: Credit Card Exp: 04/18, should be not expired
     but: was <false>]]>
            </message>
            <full-stacktrace>
              <![CDATA[java.lang.AssertionError: 
Expected: Credit Card Exp: 04/18, should be not expired
     but: was <false>
at org.hamcrest.MatcherAssert.assertThat(MatcherAssert.java:18)
at org.hamcrest.MatcherAssert.assertThat(MatcherAssert.java:6)
at core.CreditCardValidationTest.exp(CreditCardValidationTest.java:32)
at sun.reflect.NativeMethodAccessorImpl.invoke0(Native Method)
at sun.reflect.NativeMethodAccessorImpl.invoke(NativeMethodAccessorImpl.java:62)
at sun.reflect.DelegatingMethodAccessorImpl.invoke(DelegatingMethodAccessorImpl.java:43)
at java.lang.reflect.Method.invoke(Method.java:498)
at org.testng.internal.MethodInvocationHelper.invokeMethod(MethodInvocationHelper.java:124)
at org.testng.internal.Invoker.invokeMethod(Invoker.java:583)
at org.testng.internal.Invoker.invokeTestMethod(Invoker.java:719)
at org.testng.internal.Invoker.invokeTestMethods(Invoker.java:989)
at org.testng.internal.TestMethodWorker.invokeTestMethods(TestMethodWorker.java:125)
at org.testng.internal.TestMethodWorker.run(TestMethodWorker.java:109)
at org.testng.TestRunner.privateRun(TestRunner.java:648)
at org.testng.TestRunner.run(TestRunner.java:505)
at org.testng.SuiteRunner.runTest(SuiteRunner.java:455)
at org.testng.SuiteRunner.runSequentially(SuiteRunner.java:450)
at org.testng.SuiteRunner.privateRun(SuiteRunner.java:415)
at org.testng.SuiteRunner.run(SuiteRunner.java:364)
at org.testng.SuiteRunnerWorker.runSuite(SuiteRunnerWorker.java:52)
at org.testng.SuiteRunnerWorker.run(SuiteRunnerWorker.java:84)
at org.testng.TestNG.runSuitesSequentially(TestNG.java:1208)
at org.testng.TestNG.runSuitesLocally(TestNG.java:1137)
at org.testng.TestNG.runSuites(TestNG.java:1049)
at org.testng.TestNG.run(TestNG.java:1017)
at org.testng.remote.AbstractRemoteTestNG.run(AbstractRemoteTestNG.java:115)
at org.testng.remote.RemoteTestNG.initAndRun(RemoteTestNG.java:251)
at org.testng.remote.RemoteTestNG.main(RemoteTestNG.java:77)
]]>
            </full-stacktrace>
          </exception> <!-- java.lang.AssertionError -->
          <reporter-output>
          </reporter-output>
        </test-method> <!-- exp -->
        <test-method status="PASS" signature="luhn(java.lang.String, java.lang.String, java.lang.String, java.lang.String)[pri:0, instance:core.CreditCardValidationTest@36bef8fb]" name="luhn" duration-ms="2" started-at="2019-07-06T08:51:19Z" data-provider="dp" finished-at="2019-07-06T08:51:19Z">
          <params>
            <param index="0">
              <value>
                <![CDATA[VISA]]>
              </value>
            </param>
            <param index="1">
              <value>
                <![CDATA[4532-5471-0699-4816]]>
              </value>
            </param>
            <param index="2">
              <value>
                <![CDATA[03/20]]>
              </value>
            </param>
            <param index="3">
              <value>
                <![CDATA[123]]>
              </value>
            </param>
          </params>
          <reporter-output>
          </reporter-output>
        </test-method> <!-- luhn -->
        <test-method status="PASS" signature="luhn(java.lang.String, java.lang.String, java.lang.String, java.lang.String)[pri:0, instance:core.CreditCardValidationTest@36bef8fb]" name="luhn" duration-ms="3" started-at="2019-07-06T08:51:19Z" data-provider="dp" finished-at="2019-07-06T08:51:19Z">
          <params>
            <param index="0">
              <value>
                <![CDATA[MasterCard]]>
              </value>
            </param>
            <param index="1">
              <value>
                <![CDATA[5584-3989-2997-3080]]>
              </value>
            </param>
            <param index="2">
              <value>
                <![CDATA[09/19]]>
              </value>
            </param>
            <param index="3">
              <value>
                <![CDATA[123]]>
              </value>
            </param>
          </params>
          <reporter-output>
          </reporter-output>
        </test-method> <!-- luhn -->
        <test-method status="PASS" signature="luhn(java.lang.String, java.lang.String, java.lang.String, java.lang.String)[pri:0, instance:core.CreditCardValidationTest@36bef8fb]" name="luhn" duration-ms="2" started-at="2019-07-06T08:51:19Z" data-provider="dp" finished-at="2019-07-06T08:51:19Z">
          <params>
            <param index="0">
              <value>
                <![CDATA[Discover]]>
              </value>
            </param>
            <param index="1">
              <value>
                <![CDATA[6011-2091-3029-8913]]>
              </value>
            </param>
            <param index="2">
              <value>
                <![CDATA[02/20]]>
              </value>
            </param>
            <param index="3">
              <value>
                <![CDATA[123]]>
              </value>
            </param>
          </params>
          <reporter-output>
          </reporter-output>
        </test-method> <!-- luhn -->
        <test-method status="PASS" signature="luhn(java.lang.String, java.lang.String, java.lang.String, java.lang.String)[pri:0, instance:core.CreditCardValidationTest@36bef8fb]" name="luhn" duration-ms="2" started-at="2019-07-06T08:51:19Z" data-provider="dp" finished-at="2019-07-06T08:51:19Z">
          <params>
            <param index="0">
              <value>
                <![CDATA[American Express]]>
              </value>
            </param>
            <param index="1">
              <value>
                <![CDATA[344851787871137]]>
              </value>
            </param>
            <param index="2">
              <value>
                <![CDATA[04/20]]>
              </value>
            </param>
            <param index="3">
              <value>
                <![CDATA[1234]]>
              </value>
            </param>
          </params>
          <reporter-output>
          </reporter-output>
        </test-method> <!-- luhn -->
        <test-method status="PASS" signature="luhn(java.lang.String, java.lang.String, java.lang.String, java.lang.String)[pri:0, instance:core.CreditCardValidationTest@36bef8fb]" name="luhn" duration-ms="2" started-at="2019-07-06T08:51:19Z" data-provider="dp" finished-at="2019-07-06T08:51:19Z">
          <params>
            <param index="0">
              <value>
                <![CDATA[VISA]]>
              </value>
            </param>
            <param index="1">
              <value>
                <![CDATA[4532-5471-0699-4816]]>
              </value>
            </param>
            <param index="2">
              <value>
                <![CDATA[03/18]]>
              </value>
            </param>
            <param index="3">
              <value>
                <![CDATA[1234]]>
              </value>
            </param>
          </params>
          <reporter-output>
          </reporter-output>
        </test-method> <!-- luhn -->
        <test-method status="PASS" signature="luhn(java.lang.String, java.lang.String, java.lang.String, java.lang.String)[pri:0, instance:core.CreditCardValidationTest@36bef8fb]" name="luhn" duration-ms="2" started-at="2019-07-06T08:51:19Z" data-provider="dp" finished-at="2019-07-06T08:51:19Z">
          <params>
            <param index="0">
              <value>
                <![CDATA[MasterCard]]>
              </value>
            </param>
            <param index="1">
              <value>
                <![CDATA[5584-3989-2997-3080]]>
              </value>
            </param>
            <param index="2">
              <value>
                <![CDATA[09/18]]>
              </value>
            </param>
            <param index="3">
              <value>
                <![CDATA[1234]]>
              </value>
            </param>
          </params>
          <reporter-output>
          </reporter-output>
        </test-method> <!-- luhn -->
        <test-method status="PASS" signature="luhn(java.lang.String, java.lang.String, java.lang.String, java.lang.String)[pri:0, instance:core.CreditCardValidationTest@36bef8fb]" name="luhn" duration-ms="2" started-at="2019-07-06T08:51:19Z" data-provider="dp" finished-at="2019-07-06T08:51:19Z">
          <params>
            <param index="0">
              <value>
                <![CDATA[Discover]]>
              </value>
            </param>
            <param index="1">
              <value>
                <![CDATA[6011-2091-3029-8913]]>
              </value>
            </param>
            <param index="2">
              <value>
                <![CDATA[02/18]]>
              </value>
            </param>
            <param index="3">
              <value>
                <![CDATA[1234]]>
              </value>
            </param>
          </params>
          <reporter-output>
          </reporter-output>
        </test-method> <!-- luhn -->
        <test-method status="PASS" signature="luhn(java.lang.String, java.lang.String, java.lang.String, java.lang.String)[pri:0, instance:core.CreditCardValidationTest@36bef8fb]" name="luhn" duration-ms="2" started-at="2019-07-06T08:51:19Z" data-provider="dp" finished-at="2019-07-06T08:51:19Z">
          <params>
            <param index="0">
              <value>
                <![CDATA[American Express]]>
              </value>
            </param>
            <param index="1">
              <value>
                <![CDATA[344851787871137]]>
              </value>
            </param>
            <param index="2">
              <value>
                <![CDATA[04/18]]>
              </value>
            </param>
            <param index="3">
              <value>
                <![CDATA[123]]>
              </value>
            </param>
          </params>
          <reporter-output>
          </reporter-output>
        </test-method> <!-- luhn -->
        <test-method status="FAIL" signature="luhn(java.lang.String, java.lang.String, java.lang.String, java.lang.String)[pri:0, instance:core.CreditCardValidationTest@36bef8fb]" name="luhn" duration-ms="2" started-at="2019-07-06T08:51:19Z" data-provider="dp" finished-at="2019-07-06T08:51:19Z">
          <params>
            <param index="0">
              <value>
                <![CDATA[American Express]]>
              </value>
            </param>
            <param index="1">
              <value>
                <![CDATA[344851787871138]]>
              </value>
            </param>
            <param index="2">
              <value>
                <![CDATA[04/18]]>
              </value>
            </param>
            <param index="3">
              <value>
                <![CDATA[123]]>
              </value>
            </param>
          </params>
          <exception class="java.lang.AssertionError">
            <message>
              <![CDATA[
Expected: Luhn of: 344851787871138, should be valid
     but: was <false>]]>
            </message>
            <full-stacktrace>
              <![CDATA[java.lang.AssertionError: 
Expected: Luhn of: 344851787871138, should be valid
     but: was <false>
at org.hamcrest.MatcherAssert.assertThat(MatcherAssert.java:18)
at org.hamcrest.MatcherAssert.assertThat(MatcherAssert.java:6)
at core.CreditCardValidationTest.luhn(CreditCardValidationTest.java:42)
at sun.reflect.NativeMethodAccessorImpl.invoke0(Native Method)
at sun.reflect.NativeMethodAccessorImpl.invoke(NativeMethodAccessorImpl.java:62)
at sun.reflect.DelegatingMethodAccessorImpl.invoke(DelegatingMethodAccessorImpl.java:43)
at java.lang.reflect.Method.invoke(Method.java:498)
at org.testng.internal.MethodInvocationHelper.invokeMethod(MethodInvocationHelper.java:124)
at org.testng.internal.Invoker.invokeMethod(Invoker.java:583)
at org.testng.internal.Invoker.invokeTestMethod(Invoker.java:719)
at org.testng.internal.Invoker.invokeTestMethods(Invoker.java:989)
at org.testng.internal.TestMethodWorker.invokeTestMethods(TestMethodWorker.java:125)
at org.testng.internal.TestMethodWorker.run(TestMethodWorker.java:109)
at org.testng.TestRunner.privateRun(TestRunner.java:648)
at org.testng.TestRunner.run(TestRunner.java:505)
at org.testng.SuiteRunner.runTest(SuiteRunner.java:455)
at org.testng.SuiteRunner.runSequentially(SuiteRunner.java:450)
at org.testng.SuiteRunner.privateRun(SuiteRunner.java:415)
at org.testng.SuiteRunner.run(SuiteRunner.java:364)
at org.testng.SuiteRunnerWorker.runSuite(SuiteRunnerWorker.java:52)
at org.testng.SuiteRunnerWorker.run(SuiteRunnerWorker.java:84)
at org.testng.TestNG.runSuitesSequentially(TestNG.java:1208)
at org.testng.TestNG.runSuitesLocally(TestNG.java:1137)
at org.testng.TestNG.runSuites(TestNG.java:1049)
at org.testng.TestNG.run(TestNG.java:1017)
at org.testng.remote.AbstractRemoteTestNG.run(AbstractRemoteTestNG.java:115)
at org.testng.remote.RemoteTestNG.initAndRun(RemoteTestNG.java:251)
at org.testng.remote.RemoteTestNG.main(RemoteTestNG.java:77)
]]>
            </full-stacktrace>
          </exception> <!-- java.lang.AssertionError -->
          <reporter-output>
          </reporter-output>
        </test-method> <!-- luhn -->
        <test-method status="FAIL" signature="luhn(java.lang.String, java.lang.String, java.lang.String, java.lang.String)[pri:0, instance:core.CreditCardValidationTest@36bef8fb]" name="luhn" duration-ms="2" started-at="2019-07-06T08:51:19Z" data-provider="dp" finished-at="2019-07-06T08:51:19Z">
          <params>
            <param index="0">
              <value>
                <![CDATA[American Expresss]]>
              </value>
            </param>
            <param index="1">
              <value>
                <![CDATA[344851787871138]]>
              </value>
            </param>
            <param index="2">
              <value>
                <![CDATA[04/18]]>
              </value>
            </param>
            <param index="3">
              <value>
                <![CDATA[123]]>
              </value>
            </param>
          </params>
          <exception class="java.lang.AssertionError">
            <message>
              <![CDATA[
Expected: Luhn of: 344851787871138, should be valid
     but: was <false>]]>
            </message>
            <full-stacktrace>
              <![CDATA[java.lang.AssertionError: 
Expected: Luhn of: 344851787871138, should be valid
     but: was <false>
at org.hamcrest.MatcherAssert.assertThat(MatcherAssert.java:18)
at org.hamcrest.MatcherAssert.assertThat(MatcherAssert.java:6)
at core.CreditCardValidationTest.luhn(CreditCardValidationTest.java:42)
at sun.reflect.NativeMethodAccessorImpl.invoke0(Native Method)
at sun.reflect.NativeMethodAccessorImpl.invoke(NativeMethodAccessorImpl.java:62)
at sun.reflect.DelegatingMethodAccessorImpl.invoke(DelegatingMethodAccessorImpl.java:43)
at java.lang.reflect.Method.invoke(Method.java:498)
at org.testng.internal.MethodInvocationHelper.invokeMethod(MethodInvocationHelper.java:124)
at org.testng.internal.Invoker.invokeMethod(Invoker.java:583)
at org.testng.internal.Invoker.invokeTestMethod(Invoker.java:719)
at org.testng.internal.Invoker.invokeTestMethods(Invoker.java:989)
at org.testng.internal.TestMethodWorker.invokeTestMethods(TestMethodWorker.java:125)
at org.testng.internal.TestMethodWorker.run(TestMethodWorker.java:109)
at org.testng.TestRunner.privateRun(TestRunner.java:648)
at org.testng.TestRunner.run(TestRunner.java:505)
at org.testng.SuiteRunner.runTest(SuiteRunner.java:455)
at org.testng.SuiteRunner.runSequentially(SuiteRunner.java:450)
at org.testng.SuiteRunner.privateRun(SuiteRunner.java:415)
at org.testng.SuiteRunner.run(SuiteRunner.java:364)
at org.testng.SuiteRunnerWorker.runSuite(SuiteRunnerWorker.java:52)
at org.testng.SuiteRunnerWorker.run(SuiteRunnerWorker.java:84)
at org.testng.TestNG.runSuitesSequentially(TestNG.java:1208)
at org.testng.TestNG.runSuitesLocally(TestNG.java:1137)
at org.testng.TestNG.runSuites(TestNG.java:1049)
at org.testng.TestNG.run(TestNG.java:1017)
at org.testng.remote.AbstractRemoteTestNG.run(AbstractRemoteTestNG.java:115)
at org.testng.remote.RemoteTestNG.initAndRun(RemoteTestNG.java:251)
at org.testng.remote.RemoteTestNG.main(RemoteTestNG.java:77)
]]>
            </full-stacktrace>
          </exception> <!-- java.lang.AssertionError -->
          <reporter-output>
          </reporter-output>
        </test-method> <!-- luhn -->
        <test-method status="PASS" signature="type(java.lang.String, java.lang.String, java.lang.String, java.lang.String)[pri:0, instance:core.CreditCardValidationTest@36bef8fb]" name="type" duration-ms="2" started-at="2019-07-06T08:51:19Z" data-provider="dp" finished-at="2019-07-06T08:51:19Z">
          <params>
            <param index="0">
              <value>
                <![CDATA[VISA]]>
              </value>
            </param>
            <param index="1">
              <value>
                <![CDATA[4532-5471-0699-4816]]>
              </value>
            </param>
            <param index="2">
              <value>
                <![CDATA[03/20]]>
              </value>
            </param>
            <param index="3">
              <value>
                <![CDATA[123]]>
              </value>
            </param>
          </params>
          <reporter-output>
          </reporter-output>
        </test-method> <!-- type -->
        <test-method status="PASS" signature="type(java.lang.String, java.lang.String, java.lang.String, java.lang.String)[pri:0, instance:core.CreditCardValidationTest@36bef8fb]" name="type" duration-ms="2" started-at="2019-07-06T08:51:19Z" data-provider="dp" finished-at="2019-07-06T08:51:19Z">
          <params>
            <param index="0">
              <value>
                <![CDATA[MasterCard]]>
              </value>
            </param>
            <param index="1">
              <value>
                <![CDATA[5584-3989-2997-3080]]>
              </value>
            </param>
            <param index="2">
              <value>
                <![CDATA[09/19]]>
              </value>
            </param>
            <param index="3">
              <value>
                <![CDATA[123]]>
              </value>
            </param>
          </params>
          <reporter-output>
          </reporter-output>
        </test-method> <!-- type -->
        <test-method status="PASS" signature="type(java.lang.String, java.lang.String, java.lang.String, java.lang.String)[pri:0, instance:core.CreditCardValidationTest@36bef8fb]" name="type" duration-ms="2" started-at="2019-07-06T08:51:19Z" data-provider="dp" finished-at="2019-07-06T08:51:19Z">
          <params>
            <param index="0">
              <value>
                <![CDATA[Discover]]>
              </value>
            </param>
            <param index="1">
              <value>
                <![CDATA[6011-2091-3029-8913]]>
              </value>
            </param>
            <param index="2">
              <value>
                <![CDATA[02/20]]>
              </value>
            </param>
            <param index="3">
              <value>
                <![CDATA[123]]>
              </value>
            </param>
          </params>
          <reporter-output>
          </reporter-output>
        </test-method> <!-- type -->
        <test-method status="PASS" signature="type(java.lang.String, java.lang.String, java.lang.String, java.lang.String)[pri:0, instance:core.CreditCardValidationTest@36bef8fb]" name="type" duration-ms="2" started-at="2019-07-06T08:51:19Z" data-provider="dp" finished-at="2019-07-06T08:51:19Z">
          <params>
            <param index="0">
              <value>
                <![CDATA[American Express]]>
              </value>
            </param>
            <param index="1">
              <value>
                <![CDATA[344851787871137]]>
              </value>
            </param>
            <param index="2">
              <value>
                <![CDATA[04/20]]>
              </value>
            </param>
            <param index="3">
              <value>
                <![CDATA[1234]]>
              </value>
            </param>
          </params>
          <reporter-output>
          </reporter-output>
        </test-method> <!-- type -->
        <test-method status="PASS" signature="type(java.lang.String, java.lang.String, java.lang.String, java.lang.String)[pri:0, instance:core.CreditCardValidationTest@36bef8fb]" name="type" duration-ms="2" started-at="2019-07-06T08:51:19Z" data-provider="dp" finished-at="2019-07-06T08:51:19Z">
          <params>
            <param index="0">
              <value>
                <![CDATA[VISA]]>
              </value>
            </param>
            <param index="1">
              <value>
                <![CDATA[4532-5471-0699-4816]]>
              </value>
            </param>
            <param index="2">
              <value>
                <![CDATA[03/18]]>
              </value>
            </param>
            <param index="3">
              <value>
                <![CDATA[1234]]>
              </value>
            </param>
          </params>
          <reporter-output>
          </reporter-output>
        </test-method> <!-- type -->
        <test-method status="PASS" signature="type(java.lang.String, java.lang.String, java.lang.String, java.lang.String)[pri:0, instance:core.CreditCardValidationTest@36bef8fb]" name="type" duration-ms="2" started-at="2019-07-06T08:51:19Z" data-provider="dp" finished-at="2019-07-06T08:51:19Z">
          <params>
            <param index="0">
              <value>
                <![CDATA[MasterCard]]>
              </value>
            </param>
            <param index="1">
              <value>
                <![CDATA[5584-3989-2997-3080]]>
              </value>
            </param>
            <param index="2">
              <value>
                <![CDATA[09/18]]>
              </value>
            </param>
            <param index="3">
              <value>
                <![CDATA[1234]]>
              </value>
            </param>
          </params>
          <reporter-output>
          </reporter-output>
        </test-method> <!-- type -->
        <test-method status="PASS" signature="type(java.lang.String, java.lang.String, java.lang.String, java.lang.String)[pri:0, instance:core.CreditCardValidationTest@36bef8fb]" name="type" duration-ms="3" started-at="2019-07-06T08:51:19Z" data-provider="dp" finished-at="2019-07-06T08:51:19Z">
          <params>
            <param index="0">
              <value>
                <![CDATA[Discover]]>
              </value>
            </param>
            <param index="1">
              <value>
                <![CDATA[6011-2091-3029-8913]]>
              </value>
            </param>
            <param index="2">
              <value>
                <![CDATA[02/18]]>
              </value>
            </param>
            <param index="3">
              <value>
                <![CDATA[1234]]>
              </value>
            </param>
          </params>
          <reporter-output>
          </reporter-output>
        </test-method> <!-- type -->
        <test-method status="PASS" signature="type(java.lang.String, java.lang.String, java.lang.String, java.lang.String)[pri:0, instance:core.CreditCardValidationTest@36bef8fb]" name="type" duration-ms="2" started-at="2019-07-06T08:51:19Z" data-provider="dp" finished-at="2019-07-06T08:51:19Z">
          <params>
            <param index="0">
              <value>
                <![CDATA[American Express]]>
              </value>
            </param>
            <param index="1">
              <value>
                <![CDATA[344851787871137]]>
              </value>
            </param>
            <param index="2">
              <value>
                <![CDATA[04/18]]>
              </value>
            </param>
            <param index="3">
              <value>
                <![CDATA[123]]>
              </value>
            </param>
          </params>
          <reporter-output>
          </reporter-output>
        </test-method> <!-- type -->
        <test-method status="PASS" signature="type(java.lang.String, java.lang.String, java.lang.String, java.lang.String)[pri:0, instance:core.CreditCardValidationTest@36bef8fb]" name="type" duration-ms="3" started-at="2019-07-06T08:51:19Z" data-provider="dp" finished-at="2019-07-06T08:51:19Z">
          <params>
            <param index="0">
              <value>
                <![CDATA[American Express]]>
              </value>
            </param>
            <param index="1">
              <value>
                <![CDATA[344851787871138]]>
              </value>
            </param>
            <param index="2">
              <value>
                <![CDATA[04/18]]>
              </value>
            </param>
            <param index="3">
              <value>
                <![CDATA[123]]>
              </value>
            </param>
          </params>
          <reporter-output>
          </reporter-output>
        </test-method> <!-- type -->
        <test-method status="FAIL" signature="type(java.lang.String, java.lang.String, java.lang.String, java.lang.String)[pri:0, instance:core.CreditCardValidationTest@36bef8fb]" name="type" duration-ms="2" started-at="2019-07-06T08:51:19Z" data-provider="dp" finished-at="2019-07-06T08:51:19Z">
          <params>
            <param index="0">
              <value>
                <![CDATA[American Expresss]]>
              </value>
            </param>
            <param index="1">
              <value>
                <![CDATA[344851787871138]]>
              </value>
            </param>
            <param index="2">
              <value>
                <![CDATA[04/18]]>
              </value>
            </param>
            <param index="3">
              <value>
                <![CDATA[123]]>
              </value>
            </param>
          </params>
          <exception class="java.lang.AssertionError">
            <message>
              <![CDATA[
Expected: Credit Card Type: American Expresss, should be valid
     but: was <false>]]>
            </message>
            <full-stacktrace>
              <![CDATA[java.lang.AssertionError: 
Expected: Credit Card Type: American Expresss, should be valid
     but: was <false>
at org.hamcrest.MatcherAssert.assertThat(MatcherAssert.java:18)
at org.hamcrest.MatcherAssert.assertThat(MatcherAssert.java:6)
at core.CreditCardValidationTest.type(CreditCardValidationTest.java:27)
at sun.reflect.NativeMethodAccessorImpl.invoke0(Native Method)
at sun.reflect.NativeMethodAccessorImpl.invoke(NativeMethodAccessorImpl.java:62)
at sun.reflect.DelegatingMethodAccessorImpl.invoke(DelegatingMethodAccessorImpl.java:43)
at java.lang.reflect.Method.invoke(Method.java:498)
at org.testng.internal.MethodInvocationHelper.invokeMethod(MethodInvocationHelper.java:124)
at org.testng.internal.Invoker.invokeMethod(Invoker.java:583)
at org.testng.internal.Invoker.invokeTestMethod(Invoker.java:719)
at org.testng.internal.Invoker.invokeTestMethods(Invoker.java:989)
at org.testng.internal.TestMethodWorker.invokeTestMethods(TestMethodWorker.java:125)
at org.testng.internal.TestMethodWorker.run(TestMethodWorker.java:109)
at org.testng.TestRunner.privateRun(TestRunner.java:648)
at org.testng.TestRunner.run(TestRunner.java:505)
at org.testng.SuiteRunner.runTest(SuiteRunner.java:455)
at org.testng.SuiteRunner.runSequentially(SuiteRunner.java:450)
at org.testng.SuiteRunner.privateRun(SuiteRunner.java:415)
at org.testng.SuiteRunner.run(SuiteRunner.java:364)
at org.testng.SuiteRunnerWorker.runSuite(SuiteRunnerWorker.java:52)
at org.testng.SuiteRunnerWorker.run(SuiteRunnerWorker.java:84)
at org.testng.TestNG.runSuitesSequentially(TestNG.java:1208)
at org.testng.TestNG.runSuitesLocally(TestNG.java:1137)
at org.testng.TestNG.runSuites(TestNG.java:1049)
at org.testng.TestNG.run(TestNG.java:1017)
at org.testng.remote.AbstractRemoteTestNG.run(AbstractRemoteTestNG.java:115)
at org.testng.remote.RemoteTestNG.initAndRun(RemoteTestNG.java:251)
at org.testng.remote.RemoteTestNG.main(RemoteTestNG.java:77)
]]>
            </full-stacktrace>
          </exception> <!-- java.lang.AssertionError -->
          <reporter-output>
          </reporter-output>
        </test-method> <!-- type -->
      </class> <!-- core.CreditCardValidationTest -->
    </test> <!-- Default test -->
  </suite> <!-- Default suite -->
</testng-results>
